Build started 5/22/2015 11:52:14 AM.
     1>Project "D:\_code\_reinforcementlearning\The-Arcade-Learning-Environment-0.4.4-Visual-Studio-2013-Windows-8.1-x64-master\src\ALE.vcxproj" on node 2 (Build target(s)).
     1>ClCompile:
         C:\_apps\Visual Studio 2013\VC\bin\CL.exe /c /Zi /nologo /W1 /WX- /Od /Oy- /D WIN32 /D _DEBUG /D _WINDOWS /D __USE_SDL /D BSPF_WIN32 /Gm /EHsc /RTC1 /MDd /GS /fp:precise /Zc:wchar_t /Zc:forScope /Fo"Debug\\" /Fd"Debug\vc120.pdb" /Gd /TP /analyze- /errorReport:prompt agents\PlayerAgent.cpp agents\RandomAgent.cpp agents\SDLKeyboardAgent.cpp agents\SingleActionAgent.cpp common\RectList.cxx common\SoundNull.cxx common\display_screen.cpp common\export_screen.cpp controllers\ale_controller.cpp controllers\fifo_controller.cpp controllers\internal_controller.cpp controllers\rlglue_controller.cpp emucore\Cart.cxx emucore\Cart0840.cxx emucore\Cart2K.cxx emucore\Cart3E.cxx emucore\Cart3F.cxx emucore\Cart4A50.cxx emucore\Cart4K.cxx emucore\CartAR.cxx emucore\CartCV.cxx emucore\CartDPC.cxx emucore\CartE0.cxx emucore\CartE7.cxx emucore\CartF4.cxx emucore\CartF4SC.cxx emucore\CartF6.cxx emucore\CartF6SC.cxx emucore\CartF8.cxx emucore\CartF8SC.cxx emucore\CartFASC.cxx emucore\CartFE.cxx emucore\CartMB.cxx emucore\CartMC.cxx emucore\CartUA.cxx emucore\Console.cxx emucore\Driving.cxx emucore\FSNode.cxx emucore\M6532.cxx emucore\OSystem.cxx emucore\Props.cxx emucore\PropsSet.cxx emucore\Settings.cxx emucore\TIA.cxx emucore\TIASnd.cxx emucore\m6502\src\M6502.cxx emucore\m6502\src\M6502Hi.cxx emucore\m6502\src\M6502Low.cxx emucore\m6502\src\NullDev.cxx emucore\m6502\src\System.cxx environment\ale_state.cpp environment\phosphor_blend.cpp environment\stella_environment.cpp games\RomUtils.cpp main.cpp os_dependent\FSNodePOSIX.cxx os_dependent\FSNodeWin32.cxx os_dependent\OSystemUNIX.cxx os_dependent\OSystemWin32.cxx os_dependent\SettingsUNIX.cxx os_dependent\SettingsWin32.cxx
         SettingsWin32.cxx
     1>os_dependent\SettingsWin32.cxx(19): fatal error C1083: Cannot open include file: 'bspf.hxx': No such file or directory
         SettingsUNIX.cxx
     1>os_dependent\SettingsUNIX.cxx(19): fatal error C1083: Cannot open include file: 'bspf.hxx': No such file or directory
         OSystemWin32.cxx
     1>os_dependent\OSystemWin32.cxx(23): fatal error C1083: Cannot open include file: 'bspf.hxx': No such file or directory
         OSystemUNIX.cxx
     1>os_dependent\OSystemUNIX.cxx(29): fatal error C1083: Cannot open include file: 'bspf.hxx': No such file or directory
         FSNodeWin32.cxx
     1>os_dependent\FSNodeWin32.cxx(30): fatal error C1083: Cannot open include file: 'FSNode.hxx': No such file or directory
         FSNodePOSIX.cxx
     1>os_dependent\FSNodePOSIX.cxx(22): fatal error C1083: Cannot open include file: 'FSNode.hxx': No such file or directory
         main.cpp
     1>d:\_code\_reinforcementlearning\the-arcade-learning-environment-0.4.4-visual-studio-2013-windows-8.1-x64-master\src\emucore\../common/display_screen.h(28): fatal error C1083: Cannot open include file: 'SDL.h': No such file or directory
         RomUtils.cpp
     1>games\RomUtils.cpp(19): fatal error C1083: Cannot open include file: 'System.hxx': No such file or directory
         stella_environment.cpp
     1>d:\_code\_reinforcementlearning\the-arcade-learning-environment-0.4.4-visual-studio-2013-windows-8.1-x64-master\src\emucore\../common/display_screen.h(28): fatal error C1083: Cannot open include file: 'SDL.h': No such file or directory
         phosphor_blend.cpp
     1>d:\_code\_reinforcementlearning\the-arcade-learning-environment-0.4.4-visual-studio-2013-windows-8.1-x64-master\src\emucore\../common/display_screen.h(28): fatal error C1083: Cannot open include file: 'SDL.h': No such file or directory
         ale_state.cpp
     1>d:\_code\_reinforcementlearning\the-arcade-learning-environment-0.4.4-visual-studio-2013-windows-8.1-x64-master\src\emucore\../common/display_screen.h(28): fatal error C1083: Cannot open include file: 'SDL.h': No such file or directory
         System.cxx
     1>d:\_code\_reinforcementlearning\the-arcade-learning-environment-0.4.4-visual-studio-2013-windows-8.1-x64-master\src\emucore\m6502\src\M6502.hxx(33): fatal error C1083: Cannot open include file: 'Array.hxx': No such file or directory
         NullDev.cxx
     1>emucore\m6502\src\NullDev.cxx(20): fatal error C1083: Cannot open include file: 'Serializer.hxx': No such file or directory
         M6502Low.cxx
     1>d:\_code\_reinforcementlearning\the-arcade-learning-environment-0.4.4-visual-studio-2013-windows-8.1-x64-master\src\emucore\m6502\src\M6502.hxx(33): fatal error C1083: Cannot open include file: 'Array.hxx': No such file or directory
         M6502Hi.cxx
     1>d:\_code\_reinforcementlearning\the-arcade-learning-environment-0.4.4-visual-studio-2013-windows-8.1-x64-master\src\emucore\m6502\src\M6502.hxx(33): fatal error C1083: Cannot open include file: 'Array.hxx': No such file or directory
         M6502.cxx
     1>d:\_code\_reinforcementlearning\the-arcade-learning-environment-0.4.4-visual-studio-2013-windows-8.1-x64-master\src\emucore\m6502\src\M6502.hxx(33): fatal error C1083: Cannot open include file: 'Array.hxx': No such file or directory
         TIASnd.cxx
     1>emucore\TIASnd.cxx(19): fatal error C1083: Cannot open include file: 'System.hxx': No such file or directory
         TIA.cxx
     1>emucore\TIA.cxx(26): fatal error C1083: Cannot open include file: 'M6502.hxx': No such file or directory
         Settings.cxx
     1>d:\_code\_reinforcementlearning\the-arcade-learning-environment-0.4.4-visual-studio-2013-windows-8.1-x64-master\src\emucore\../common/display_screen.h(28): fatal error C1083: Cannot open include file: 'SDL.h': No such file or directory
         PropsSet.cxx
     1>d:\_code\_reinforcementlearning\the-arcade-learning-environment-0.4.4-visual-studio-2013-windows-8.1-x64-master\src\emucore\../common/display_screen.h(28): fatal error C1083: Cannot open include file: 'SDL.h': No such file or directory
         Generating Code...
         Compiling...
         Props.cxx
     1>emucore\Props.cxx(23): fatal error C1083: Cannot open include file: 'GuiUtils.hxx': No such file or directory
         OSystem.cxx
     1>emucore\OSystem.cxx(23): fatal error C1083: Cannot open include file: 'zlib.h': No such file or directory
         M6532.cxx
     1>emucore\M6532.cxx(24): fatal error C1083: Cannot open include file: 'System.hxx': No such file or directory
         FSNode.cxx
     1>emucore\FSNode.cxx(23): fatal error C1083: Cannot open include file: 'bspf.hxx': No such file or directory
         Driving.cxx
     1>emucore\Driving.cxx(23): fatal error C1083: Cannot open include file: 'System.hxx': No such file or directory
         Console.cxx
     1>emucore\Console.cxx(34): fatal error C1083: Cannot open include file: 'M6502Hi.hxx': No such file or directory
         CartUA.cxx
     1>emucore\CartUA.cxx(21): fatal error C1083: Cannot open include file: 'System.hxx': No such file or directory
         CartMC.cxx
     1>emucore\CartMC.cxx(22): fatal error C1083: Cannot open include file: 'System.hxx': No such file or directory
         CartMB.cxx
     1>emucore\CartMB.cxx(21): fatal error C1083: Cannot open include file: 'System.hxx': No such file or directory
         CartFE.cxx
     1>emucore\CartFE.cxx(21): fatal error C1083: Cannot open include file: 'System.hxx': No such file or directory
         CartFASC.cxx
     1>emucore\CartFASC.cxx(22): fatal error C1083: Cannot open include file: 'System.hxx': No such file or directory
         CartF8SC.cxx
     1>emucore\CartF8SC.cxx(22): fatal error C1083: Cannot open include file: 'System.hxx': No such file or directory
         CartF8.cxx
     1>emucore\CartF8.cxx(21): fatal error C1083: Cannot open include file: 'System.hxx': No such file or directory
         CartF6SC.cxx
     1>emucore\CartF6SC.cxx(22): fatal error C1083: Cannot open include file: 'System.hxx': No such file or directory
         CartF6.cxx
     1>emucore\CartF6.cxx(21): fatal error C1083: Cannot open include file: 'System.hxx': No such file or directory
         CartF4SC.cxx
     1>emucore\CartF4SC.cxx(22): fatal error C1083: Cannot open include file: 'System.hxx': No such file or directory
         CartF4.cxx
     1>emucore\CartF4.cxx(22): fatal error C1083: Cannot open include file: 'System.hxx': No such file or directory
         CartE7.cxx
     1>emucore\CartE7.cxx(22): fatal error C1083: Cannot open include file: 'System.hxx': No such file or directory
         CartE0.cxx
     1>emucore\CartE0.cxx(21): fatal error C1083: Cannot open include file: 'System.hxx': No such file or directory
         CartDPC.cxx
     1>emucore\CartDPC.cxx(22): fatal error C1083: Cannot open include file: 'System.hxx': No such file or directory
         Generating Code...
         Compiling...
         CartCV.cxx
     1>emucore\CartCV.cxx(22): fatal error C1083: Cannot open include file: 'System.hxx': No such file or directory
         CartAR.cxx
     1>emucore\CartAR.cxx(23): fatal error C1083: Cannot open include file: 'M6502Hi.hxx': No such file or directory
         Cart4K.cxx
     1>emucore\Cart4K.cxx(21): fatal error C1083: Cannot open include file: 'System.hxx': No such file or directory
         Cart4A50.cxx
     1>emucore\Cart4A50.cxx(21): fatal error C1083: Cannot open include file: 'System.hxx': No such file or directory
         Cart3F.cxx
     1>emucore\Cart3F.cxx(21): fatal error C1083: Cannot open include file: 'System.hxx': No such file or directory
         Cart3E.cxx
     1>emucore\Cart3E.cxx(22): fatal error C1083: Cannot open include file: 'System.hxx': No such file or directory
         Cart2K.cxx
     1>emucore\Cart2K.cxx(21): fatal error C1083: Cannot open include file: 'System.hxx': No such file or directory
         Cart0840.cxx
     1>emucore\Cart0840.cxx(21): fatal error C1083: Cannot open include file: 'System.hxx': No such file or directory
         Cart.cxx
     1>emucore\Cart.cxx(24): fatal error C1083: Cannot open include file: 'bspf.hxx': No such file or directory
         rlglue_controller.cpp
     1>d:\_code\_reinforcementlearning\the-arcade-learning-environment-0.4.4-visual-studio-2013-windows-8.1-x64-master\src\emucore\../common/display_screen.h(28): fatal error C1083: Cannot open include file: 'SDL.h': No such file or directory
         internal_controller.cpp
     1>d:\_code\_reinforcementlearning\the-arcade-learning-environment-0.4.4-visual-studio-2013-windows-8.1-x64-master\src\emucore\../common/display_screen.h(28): fatal error C1083: Cannot open include file: 'SDL.h': No such file or directory
         fifo_controller.cpp
     1>d:\_code\_reinforcementlearning\the-arcade-learning-environment-0.4.4-visual-studio-2013-windows-8.1-x64-master\src\emucore\../common/display_screen.h(28): fatal error C1083: Cannot open include file: 'SDL.h': No such file or directory
         ale_controller.cpp
     1>d:\_code\_reinforcementlearning\the-arcade-learning-environment-0.4.4-visual-studio-2013-windows-8.1-x64-master\src\emucore\../common/display_screen.h(28): fatal error C1083: Cannot open include file: 'SDL.h': No such file or directory
         export_screen.cpp
     1>common\export_screen.cpp(18): fatal error C1083: Cannot open include file: 'zlib.h': No such file or directory
         display_screen.cpp
     1>d:\_code\_reinforcementlearning\the-arcade-learning-environment-0.4.4-visual-studio-2013-windows-8.1-x64-master\src\common\display_screen.h(28): fatal error C1083: Cannot open include file: 'SDL.h': No such file or directory
         SoundNull.cxx
     1>common\SoundNull.cxx(19): fatal error C1083: Cannot open include file: 'Serializer.hxx': No such file or directory
         RectList.cxx
     1>common\RectList.cxx(19): fatal error C1083: Cannot open include file: 'SDL.h': No such file or directory
         SingleActionAgent.cpp
     1>d:\_code\_reinforcementlearning\the-arcade-learning-environment-0.4.4-visual-studio-2013-windows-8.1-x64-master\src\emucore\../common/display_screen.h(28): fatal error C1083: Cannot open include file: 'SDL.h': No such file or directory
         SDLKeyboardAgent.cpp
     1>d:\_code\_reinforcementlearning\the-arcade-learning-environment-0.4.4-visual-studio-2013-windows-8.1-x64-master\src\emucore\../common/display_screen.h(28): fatal error C1083: Cannot open include file: 'SDL.h': No such file or directory
         RandomAgent.cpp
     1>d:\_code\_reinforcementlearning\the-arcade-learning-environment-0.4.4-visual-studio-2013-windows-8.1-x64-master\src\emucore\../common/display_screen.h(28): fatal error C1083: Cannot open include file: 'SDL.h': No such file or directory
         Generating Code...
         Compiling...
         PlayerAgent.cpp
     1>d:\_code\_reinforcementlearning\the-arcade-learning-environment-0.4.4-visual-studio-2013-windows-8.1-x64-master\src\emucore\../common/display_screen.h(28): fatal error C1083: Cannot open include file: 'SDL.h': No such file or directory
         Generating Code...
     1>Done Building Project "D:\_code\_reinforcementlearning\The-Arcade-Learning-Environment-0.4.4-Visual-Studio-2013-Windows-8.1-x64-master\src\ALE.vcxproj" (Build target(s)) -- FAILED.

Build FAILED.

Time Elapsed 00:00:10.32
