Build started 5/28/2015 10:42:28 AM.
     1>Project "D:\_code\_reinforcementlearning\The-Arcade-Learning-Environment-0.4.4-Visual-Studio-2013-Windows-8.1-x64-master\src\ALE.vcxproj" on node 2 (Build target(s)).
     1>ClCompile:
         C:\_apps\Visual Studio 2013\VC\bin\x86_amd64\CL.exe /c /Zi /nologo /W1 /WX- /MP /Ox /D __USE_SDL /D BSPF_WIN32 /D _WINDLL /Gm- /EHsc /MD /GS /fp:precise /Zc:wchar_t /Zc:forScope /Fo"x64\Release\\" /Fd"x64\Release\vc120.pdb" /Gz /TP /errorReport:prompt games\supported\Breakout.cpp
         Breakout.cpp
       Link:
         C:\_apps\Visual Studio 2013\VC\bin\x86_amd64\link.exe /ERRORREPORT:PROMPT /OUT:"D:\_code\_reinforcementlearning\The-Arcade-Learning-Environment-0.4.4-Visual-Studio-2013-Windows-8.1-x64-master\src\x64\Release\ALE.dll" /NOLOGO zdll.lib zlib.lib SDL.lib SDLmain.lib SDL_gfx.lib SDL_image.lib /MANIFEST /MANIFESTUAC:"level='asInvoker' uiAccess='false'" /manifest:embed /PDB:"D:\_code\_reinforcementlearning\The-Arcade-Learning-Environment-0.4.4-Visual-Studio-2013-Windows-8.1-x64-master\src\x64\Release\ALE.pdb" /SUBSYSTEM:CONSOLE /TLBID:1 /DYNAMICBASE /NXCOMPAT /IMPLIB:"D:\_code\_reinforcementlearning\The-Arcade-Learning-Environment-0.4.4-Visual-Studio-2013-Windows-8.1-x64-master\src\x64\Release\ALE.lib" /MACHINE:X64 /DLL x64\Release\PlayerAgent.obj
         x64\Release\RandomAgent.obj
         x64\Release\SDLKeyboardAgent.obj
         x64\Release\SingleActionAgent.obj
         x64\Release\ale_c_wrapper.obj
         x64\Release\Constants.obj
         x64\Release\Defaults.obj
         x64\Release\display_screen.obj
         x64\Release\export_screen.obj
         x64\Release\RectList.obj
         x64\Release\SoundNull.obj
         x64\Release\SoundSDL.obj
         x64\Release\ale_controller.obj
         x64\Release\fifo_controller.obj
         x64\Release\internal_controller.obj
         x64\Release\rlglue_controller.obj
         x64\Release\AtariVox.obj
         x64\Release\Booster.obj
         x64\Release\Cart.obj
         x64\Release\Cart0840.obj
         x64\Release\Cart2K.obj
         x64\Release\Cart3E.obj
         x64\Release\Cart3F.obj
         x64\Release\Cart4A50.obj
         x64\Release\Cart4K.obj
         x64\Release\CartAR.obj
         x64\Release\CartCV.obj
         x64\Release\CartDPC.obj
         x64\Release\CartE0.obj
         x64\Release\CartE7.obj
         x64\Release\CartF4.obj
         x64\Release\CartF4SC.obj
         x64\Release\CartF6.obj
         x64\Release\CartF6SC.obj
         x64\Release\CartF8.obj
         x64\Release\CartF8SC.obj
         x64\Release\CartFASC.obj
         x64\Release\CartFE.obj
         x64\Release\CartMB.obj
         x64\Release\CartMC.obj
         x64\Release\CartUA.obj
         x64\Release\Console.obj
         x64\Release\Control.obj
         x64\Release\Deserializer.obj
         x64\Release\Driving.obj
         x64\Release\Event.obj
         x64\Release\FSNode.obj
         x64\Release\Joystick.obj
         x64\Release\Keyboard.obj
         x64\Release\Device.obj
         x64\Release\M6502.obj
         x64\Release\M6502Hi.obj
         x64\Release\M6502Low.obj
         x64\Release\NullDev.obj
         x64\Release\System.obj
         x64\Release\M6532.obj
         x64\Release\MD5.obj
         x64\Release\MediaSrc.obj
         x64\Release\OSystem.obj
         x64\Release\Paddles.obj
         x64\Release\Props.obj
         x64\Release\PropsSet.obj
         x64\Release\Random.obj
         x64\Release\darray.obj
         x64\Release\elements.obj
         x64\Release\holmes.obj
         x64\Release\opsynth.obj
         x64\Release\phones.obj
         x64\Release\phtoelm.obj
         x64\Release\trie.obj
         x64\Release\Serializer.obj
         x64\Release\Settings.obj
         x64\Release\SpeakJet.obj
         x64\Release\Switches.obj
         x64\Release\TIA.obj
         x64\Release\TIASnd.obj
         x64\Release\unzip.obj
         x64\Release\ale_state.obj
         x64\Release\phosphor_blend.obj
         x64\Release\stella_environment.obj
         x64\Release\Roms.obj
         x64\Release\RomSettings.obj
         x64\Release\RomUtils.obj
         x64\Release\AirRaid.obj
         x64\Release\Alien.obj
         x64\Release\Amidar.obj
         x64\Release\Assault.obj
         x64\Release\Asterix.obj
         x64\Release\Asteroids.obj
         x64\Release\Atlantis.obj
         x64\Release\BankHeist.obj
         x64\Release\BattleZone.obj
         x64\Release\BeamRider.obj
         x64\Release\Berzerk.obj
         x64\Release\Bowling.obj
         x64\Release\Boxing.obj
         x64\Release\Breakout.obj
         x64\Release\Carnival.obj
         x64\Release\Centipede.obj
         x64\Release\ChopperCommand.obj
         x64\Release\CrazyClimber.obj
         x64\Release\Defender.obj
         x64\Release\DemonAttack.obj
         x64\Release\DoubleDunk.obj
         x64\Release\ElevatorAction.obj
         x64\Release\Enduro.obj
         x64\Release\FishingDerby.obj
         x64\Release\Freeway.obj
         x64\Release\Frostbite.obj
         x64\Release\Gopher.obj
         x64\Release\Gravitar.obj
         x64\Release\Hero.obj
         x64\Release\IceHockey.obj
         x64\Release\JamesBond.obj
         x64\Release\JourneyEscape.obj
         x64\Release\Kangaroo.obj
         x64\Release\Krull.obj
         x64\Release\KungFuMaster.obj
         x64\Release\MontezumaRevenge.obj
         x64\Release\MsPacman.obj
         x64\Release\NameThisGame.obj
         x64\Release\Phoenix.obj
         x64\Release\Pitfall.obj
         x64\Release\Pong.obj
         x64\Release\Pooyan.obj
         x64\Release\PrivateEye.obj
         x64\Release\QBert.obj
         x64\Release\RiverRaid.obj
         x64\Release\RoadRunner.obj
         x64\Release\RoboTank.obj
         x64\Release\Seaquest.obj
         x64\Release\Skiing.obj
         x64\Release\Solaris.obj
         x64\Release\SpaceInvaders.obj
         x64\Release\StarGunner.obj
         x64\Release\Tennis.obj
         x64\Release\TimePilot.obj
         x64\Release\Tutankham.obj
         x64\Release\UpNDown.obj
         x64\Release\Venture.obj
         x64\Release\VideoPinball.obj
         x64\Release\WizardOfWor.obj
         x64\Release\YarsRevenge.obj
         x64\Release\Zaxxon.obj
         x64\Release\main.obj
         x64\Release\FSNodePOSIX.obj
         x64\Release\FSNodeWin32.obj
         x64\Release\OSystemUNIX.obj
         x64\Release\OSystemWin32.obj
         x64\Release\SettingsUNIX.obj
         x64\Release\SettingsWin32.obj
            Creating library D:\_code\_reinforcementlearning\The-Arcade-Learning-Environment-0.4.4-Visual-Studio-2013-Windows-8.1-x64-master\src\x64\Release\ALE.lib and object D:\_code\_reinforcementlearning\The-Arcade-Learning-Environment-0.4.4-Visual-Studio-2013-Windows-8.1-x64-master\src\x64\Release\ALE.exp
         ALE.vcxproj -> D:\_code\_reinforcementlearning\The-Arcade-Learning-Environment-0.4.4-Visual-Studio-2013-Windows-8.1-x64-master\src\x64\Release\ALE.dll
       PostBuildEvent:
         xcopy /d /y "D:\_code\_reinforcementlearning\The-Arcade-Learning-Environment-0.4.4-Visual-Studio-2013-Windows-8.1-x64-master\src\\dependencies\dll_win_x64\*.*" "D:\_code\_reinforcementlearning\The-Arcade-Learning-Environment-0.4.4-Visual-Studio-2013-Windows-8.1-x64-master\src\x64\Release\"
         :VCEnd
         0 File(s) copied
     1>Done Building Project "D:\_code\_reinforcementlearning\The-Arcade-Learning-Environment-0.4.4-Visual-Studio-2013-Windows-8.1-x64-master\src\ALE.vcxproj" (Build target(s)).

Build succeeded.

Time Elapsed 00:00:00.98
