d:\_code\_reinforcementlearning\the-arcade-learning-environment-0.4.4-visual-studio-2013-windows-8.1-x64-master\src\x64\release\sdlkeyboardagent.obj
d:\_code\_reinforcementlearning\the-arcade-learning-environment-0.4.4-visual-studio-2013-windows-8.1-x64-master\src\x64\release\rlglue_controller.obj
d:\_code\_reinforcementlearning\the-arcade-learning-environment-0.4.4-visual-studio-2013-windows-8.1-x64-master\src\x64\release\cartar.obj
d:\_code\_reinforcementlearning\the-arcade-learning-environment-0.4.4-visual-studio-2013-windows-8.1-x64-master\src\x64\release\cartf8.obj
d:\_code\_reinforcementlearning\the-arcade-learning-environment-0.4.4-visual-studio-2013-windows-8.1-x64-master\src\x64\release\deserializer.obj
d:\_code\_reinforcementlearning\the-arcade-learning-environment-0.4.4-visual-studio-2013-windows-8.1-x64-master\src\x64\release\m6502.obj
d:\_code\_reinforcementlearning\the-arcade-learning-environment-0.4.4-visual-studio-2013-windows-8.1-x64-master\src\x64\release\osystem.obj
d:\_code\_reinforcementlearning\the-arcade-learning-environment-0.4.4-visual-studio-2013-windows-8.1-x64-master\src\x64\release\tiasnd.obj
d:\_code\_reinforcementlearning\the-arcade-learning-environment-0.4.4-visual-studio-2013-windows-8.1-x64-master\src\x64\release\roms.obj
d:\_code\_reinforcementlearning\the-arcade-learning-environment-0.4.4-visual-studio-2013-windows-8.1-x64-master\src\x64\release\battlezone.obj
d:\_code\_reinforcementlearning\the-arcade-learning-environment-0.4.4-visual-studio-2013-windows-8.1-x64-master\src\x64\release\choppercommand.obj
d:\_code\_reinforcementlearning\the-arcade-learning-environment-0.4.4-visual-studio-2013-windows-8.1-x64-master\src\x64\release\freeway.obj
d:\_code\_reinforcementlearning\the-arcade-learning-environment-0.4.4-visual-studio-2013-windows-8.1-x64-master\src\x64\release\kangaroo.obj
d:\_code\_reinforcementlearning\the-arcade-learning-environment-0.4.4-visual-studio-2013-windows-8.1-x64-master\src\x64\release\pong.obj
d:\_code\_reinforcementlearning\the-arcade-learning-environment-0.4.4-visual-studio-2013-windows-8.1-x64-master\src\x64\release\skiing.obj
d:\_code\_reinforcementlearning\the-arcade-learning-environment-0.4.4-visual-studio-2013-windows-8.1-x64-master\src\x64\release\venture.obj
d:\_code\_reinforcementlearning\the-arcade-learning-environment-0.4.4-visual-studio-2013-windows-8.1-x64-master\src\x64\release\osystemwin32.obj
d:\_code\_reinforcementlearning\the-arcade-learning-environment-0.4.4-visual-studio-2013-windows-8.1-x64-master\src\x64\release\playeragent.obj
d:\_code\_reinforcementlearning\the-arcade-learning-environment-0.4.4-visual-studio-2013-windows-8.1-x64-master\src\x64\release\internal_controller.obj
d:\_code\_reinforcementlearning\the-arcade-learning-environment-0.4.4-visual-studio-2013-windows-8.1-x64-master\src\x64\release\cart4k.obj
d:\_code\_reinforcementlearning\the-arcade-learning-environment-0.4.4-visual-studio-2013-windows-8.1-x64-master\src\x64\release\cartf6.obj
d:\_code\_reinforcementlearning\the-arcade-learning-environment-0.4.4-visual-studio-2013-windows-8.1-x64-master\src\x64\release\console.obj
d:\_code\_reinforcementlearning\the-arcade-learning-environment-0.4.4-visual-studio-2013-windows-8.1-x64-master\src\x64\release\nulldev.obj
d:\_code\_reinforcementlearning\the-arcade-learning-environment-0.4.4-visual-studio-2013-windows-8.1-x64-master\src\x64\release\paddles.obj
d:\_code\_reinforcementlearning\the-arcade-learning-environment-0.4.4-visual-studio-2013-windows-8.1-x64-master\src\x64\release\settings.obj
d:\_code\_reinforcementlearning\the-arcade-learning-environment-0.4.4-visual-studio-2013-windows-8.1-x64-master\src\x64\release\romutils.obj
d:\_code\_reinforcementlearning\the-arcade-learning-environment-0.4.4-visual-studio-2013-windows-8.1-x64-master\src\x64\release\atlantis.obj
d:\_code\_reinforcementlearning\the-arcade-learning-environment-0.4.4-visual-studio-2013-windows-8.1-x64-master\src\x64\release\carnival.obj
d:\_code\_reinforcementlearning\the-arcade-learning-environment-0.4.4-visual-studio-2013-windows-8.1-x64-master\src\x64\release\enduro.obj
d:\_code\_reinforcementlearning\the-arcade-learning-environment-0.4.4-visual-studio-2013-windows-8.1-x64-master\src\x64\release\journeyescape.obj
d:\_code\_reinforcementlearning\the-arcade-learning-environment-0.4.4-visual-studio-2013-windows-8.1-x64-master\src\x64\release\pitfall.obj
d:\_code\_reinforcementlearning\the-arcade-learning-environment-0.4.4-visual-studio-2013-windows-8.1-x64-master\src\x64\release\seaquest.obj
d:\_code\_reinforcementlearning\the-arcade-learning-environment-0.4.4-visual-studio-2013-windows-8.1-x64-master\src\x64\release\upndown.obj
d:\_code\_reinforcementlearning\the-arcade-learning-environment-0.4.4-visual-studio-2013-windows-8.1-x64-master\src\x64\release\fsnodewin32.obj
d:\_code\_reinforcementlearning\the-arcade-learning-environment-0.4.4-visual-studio-2013-windows-8.1-x64-master\src\x64\release\constants.obj
d:\_code\_reinforcementlearning\the-arcade-learning-environment-0.4.4-visual-studio-2013-windows-8.1-x64-master\src\x64\release\atarivox.obj
d:\_code\_reinforcementlearning\the-arcade-learning-environment-0.4.4-visual-studio-2013-windows-8.1-x64-master\src\x64\release\cart.obj
d:\_code\_reinforcementlearning\the-arcade-learning-environment-0.4.4-visual-studio-2013-windows-8.1-x64-master\src\x64\release\cartdpc.obj
d:\_code\_reinforcementlearning\the-arcade-learning-environment-0.4.4-visual-studio-2013-windows-8.1-x64-master\src\x64\release\cartf8sc.obj
d:\_code\_reinforcementlearning\the-arcade-learning-environment-0.4.4-visual-studio-2013-windows-8.1-x64-master\src\x64\release\control.obj
d:\_code\_reinforcementlearning\the-arcade-learning-environment-0.4.4-visual-studio-2013-windows-8.1-x64-master\src\x64\release\device.obj
d:\_code\_reinforcementlearning\the-arcade-learning-environment-0.4.4-visual-studio-2013-windows-8.1-x64-master\src\x64\release\md5.obj
d:\_code\_reinforcementlearning\the-arcade-learning-environment-0.4.4-visual-studio-2013-windows-8.1-x64-master\src\x64\release\random.obj
d:\_code\_reinforcementlearning\the-arcade-learning-environment-0.4.4-visual-studio-2013-windows-8.1-x64-master\src\x64\release\speakjet.obj
d:\_code\_reinforcementlearning\the-arcade-learning-environment-0.4.4-visual-studio-2013-windows-8.1-x64-master\src\x64\release\switches.obj
d:\_code\_reinforcementlearning\the-arcade-learning-environment-0.4.4-visual-studio-2013-windows-8.1-x64-master\src\x64\release\phosphor_blend.obj
d:\_code\_reinforcementlearning\the-arcade-learning-environment-0.4.4-visual-studio-2013-windows-8.1-x64-master\src\x64\release\amidar.obj
d:\_code\_reinforcementlearning\the-arcade-learning-environment-0.4.4-visual-studio-2013-windows-8.1-x64-master\src\x64\release\berzerk.obj
d:\_code\_reinforcementlearning\the-arcade-learning-environment-0.4.4-visual-studio-2013-windows-8.1-x64-master\src\x64\release\defender.obj
d:\_code\_reinforcementlearning\the-arcade-learning-environment-0.4.4-visual-studio-2013-windows-8.1-x64-master\src\x64\release\gopher.obj
d:\_code\_reinforcementlearning\the-arcade-learning-environment-0.4.4-visual-studio-2013-windows-8.1-x64-master\src\x64\release\kungfumaster.obj
d:\_code\_reinforcementlearning\the-arcade-learning-environment-0.4.4-visual-studio-2013-windows-8.1-x64-master\src\x64\release\pooyan.obj
d:\_code\_reinforcementlearning\the-arcade-learning-environment-0.4.4-visual-studio-2013-windows-8.1-x64-master\src\x64\release\solaris.obj
d:\_code\_reinforcementlearning\the-arcade-learning-environment-0.4.4-visual-studio-2013-windows-8.1-x64-master\src\x64\release\videopinball.obj
d:\_code\_reinforcementlearning\the-arcade-learning-environment-0.4.4-visual-studio-2013-windows-8.1-x64-master\src\x64\release\osystemunix.obj
d:\_code\_reinforcementlearning\the-arcade-learning-environment-0.4.4-visual-studio-2013-windows-8.1-x64-master\src\x64\release\singleactionagent.obj
d:\_code\_reinforcementlearning\the-arcade-learning-environment-0.4.4-visual-studio-2013-windows-8.1-x64-master\src\x64\release\ale_controller.obj
d:\_code\_reinforcementlearning\the-arcade-learning-environment-0.4.4-visual-studio-2013-windows-8.1-x64-master\src\x64\release\cart3f.obj
d:\_code\_reinforcementlearning\the-arcade-learning-environment-0.4.4-visual-studio-2013-windows-8.1-x64-master\src\x64\release\cartf4sc.obj
d:\_code\_reinforcementlearning\the-arcade-learning-environment-0.4.4-visual-studio-2013-windows-8.1-x64-master\src\x64\release\cartmb.obj
d:\_code\_reinforcementlearning\the-arcade-learning-environment-0.4.4-visual-studio-2013-windows-8.1-x64-master\src\x64\release\fsnode.obj
d:\_code\_reinforcementlearning\the-arcade-learning-environment-0.4.4-visual-studio-2013-windows-8.1-x64-master\src\x64\release\m6532.obj
d:\_code\_reinforcementlearning\the-arcade-learning-environment-0.4.4-visual-studio-2013-windows-8.1-x64-master\src\x64\release\propsset.obj
d:\_code\_reinforcementlearning\the-arcade-learning-environment-0.4.4-visual-studio-2013-windows-8.1-x64-master\src\x64\release\airraid.obj
d:\_code\_reinforcementlearning\the-arcade-learning-environment-0.4.4-visual-studio-2013-windows-8.1-x64-master\src\x64\release\bankheist.obj
d:\_code\_reinforcementlearning\the-arcade-learning-environment-0.4.4-visual-studio-2013-windows-8.1-x64-master\src\x64\release\centipede.obj
d:\_code\_reinforcementlearning\the-arcade-learning-environment-0.4.4-visual-studio-2013-windows-8.1-x64-master\src\x64\release\fishingderby.obj
d:\_code\_reinforcementlearning\the-arcade-learning-environment-0.4.4-visual-studio-2013-windows-8.1-x64-master\src\x64\release\jamesbond.obj
d:\_code\_reinforcementlearning\the-arcade-learning-environment-0.4.4-visual-studio-2013-windows-8.1-x64-master\src\x64\release\phoenix.obj
d:\_code\_reinforcementlearning\the-arcade-learning-environment-0.4.4-visual-studio-2013-windows-8.1-x64-master\src\x64\release\robotank.obj
d:\_code\_reinforcementlearning\the-arcade-learning-environment-0.4.4-visual-studio-2013-windows-8.1-x64-master\src\x64\release\tutankham.obj
d:\_code\_reinforcementlearning\the-arcade-learning-environment-0.4.4-visual-studio-2013-windows-8.1-x64-master\src\x64\release\fsnodeposix.obj
d:\_code\_reinforcementlearning\the-arcade-learning-environment-0.4.4-visual-studio-2013-windows-8.1-x64-master\src\x64\release\randomagent.obj
d:\_code\_reinforcementlearning\the-arcade-learning-environment-0.4.4-visual-studio-2013-windows-8.1-x64-master\src\x64\release\soundnull.obj
d:\_code\_reinforcementlearning\the-arcade-learning-environment-0.4.4-visual-studio-2013-windows-8.1-x64-master\src\x64\release\cart3e.obj
d:\_code\_reinforcementlearning\the-arcade-learning-environment-0.4.4-visual-studio-2013-windows-8.1-x64-master\src\x64\release\carte0.obj
d:\_code\_reinforcementlearning\the-arcade-learning-environment-0.4.4-visual-studio-2013-windows-8.1-x64-master\src\x64\release\cartfasc.obj
d:\_code\_reinforcementlearning\the-arcade-learning-environment-0.4.4-visual-studio-2013-windows-8.1-x64-master\src\x64\release\driving.obj
d:\_code\_reinforcementlearning\the-arcade-learning-environment-0.4.4-visual-studio-2013-windows-8.1-x64-master\src\x64\release\m6502low.obj
d:\_code\_reinforcementlearning\the-arcade-learning-environment-0.4.4-visual-studio-2013-windows-8.1-x64-master\src\x64\release\assault.obj
d:\_code\_reinforcementlearning\the-arcade-learning-environment-0.4.4-visual-studio-2013-windows-8.1-x64-master\src\x64\release\bowling.obj
d:\_code\_reinforcementlearning\the-arcade-learning-environment-0.4.4-visual-studio-2013-windows-8.1-x64-master\src\x64\release\demonattack.obj
d:\_code\_reinforcementlearning\the-arcade-learning-environment-0.4.4-visual-studio-2013-windows-8.1-x64-master\src\x64\release\gravitar.obj
d:\_code\_reinforcementlearning\the-arcade-learning-environment-0.4.4-visual-studio-2013-windows-8.1-x64-master\src\x64\release\montezumarevenge.obj
d:\_code\_reinforcementlearning\the-arcade-learning-environment-0.4.4-visual-studio-2013-windows-8.1-x64-master\src\x64\release\qbert.obj
d:\_code\_reinforcementlearning\the-arcade-learning-environment-0.4.4-visual-studio-2013-windows-8.1-x64-master\src\x64\release\spaceinvaders.obj
d:\_code\_reinforcementlearning\the-arcade-learning-environment-0.4.4-visual-studio-2013-windows-8.1-x64-master\src\x64\release\wizardofwor.obj
d:\_code\_reinforcementlearning\the-arcade-learning-environment-0.4.4-visual-studio-2013-windows-8.1-x64-master\src\x64\release\settingsunix.obj
d:\_code\_reinforcementlearning\the-arcade-learning-environment-0.4.4-visual-studio-2013-windows-8.1-x64-master\src\x64\release\display_screen.obj
d:\_code\_reinforcementlearning\the-arcade-learning-environment-0.4.4-visual-studio-2013-windows-8.1-x64-master\src\x64\release\soundsdl.obj
d:\_code\_reinforcementlearning\the-arcade-learning-environment-0.4.4-visual-studio-2013-windows-8.1-x64-master\src\x64\release\fifo_controller.obj
d:\_code\_reinforcementlearning\the-arcade-learning-environment-0.4.4-visual-studio-2013-windows-8.1-x64-master\src\x64\release\cart4a50.obj
d:\_code\_reinforcementlearning\the-arcade-learning-environment-0.4.4-visual-studio-2013-windows-8.1-x64-master\src\x64\release\carte7.obj
d:\_code\_reinforcementlearning\the-arcade-learning-environment-0.4.4-visual-studio-2013-windows-8.1-x64-master\src\x64\release\cartfe.obj
d:\_code\_reinforcementlearning\the-arcade-learning-environment-0.4.4-visual-studio-2013-windows-8.1-x64-master\src\x64\release\event.obj
d:\_code\_reinforcementlearning\the-arcade-learning-environment-0.4.4-visual-studio-2013-windows-8.1-x64-master\src\x64\release\m6502hi.obj
d:\_code\_reinforcementlearning\the-arcade-learning-environment-0.4.4-visual-studio-2013-windows-8.1-x64-master\src\x64\release\romsettings.obj
d:\_code\_reinforcementlearning\the-arcade-learning-environment-0.4.4-visual-studio-2013-windows-8.1-x64-master\src\x64\release\asterix.obj
d:\_code\_reinforcementlearning\the-arcade-learning-environment-0.4.4-visual-studio-2013-windows-8.1-x64-master\src\x64\release\boxing.obj
d:\_code\_reinforcementlearning\the-arcade-learning-environment-0.4.4-visual-studio-2013-windows-8.1-x64-master\src\x64\release\doubledunk.obj
d:\_code\_reinforcementlearning\the-arcade-learning-environment-0.4.4-visual-studio-2013-windows-8.1-x64-master\src\x64\release\hero.obj
d:\_code\_reinforcementlearning\the-arcade-learning-environment-0.4.4-visual-studio-2013-windows-8.1-x64-master\src\x64\release\mspacman.obj
d:\_code\_reinforcementlearning\the-arcade-learning-environment-0.4.4-visual-studio-2013-windows-8.1-x64-master\src\x64\release\riverraid.obj
d:\_code\_reinforcementlearning\the-arcade-learning-environment-0.4.4-visual-studio-2013-windows-8.1-x64-master\src\x64\release\timepilot.obj
d:\_code\_reinforcementlearning\the-arcade-learning-environment-0.4.4-visual-studio-2013-windows-8.1-x64-master\src\x64\release\main.obj
d:\_code\_reinforcementlearning\the-arcade-learning-environment-0.4.4-visual-studio-2013-windows-8.1-x64-master\src\x64\release\defaults.obj
d:\_code\_reinforcementlearning\the-arcade-learning-environment-0.4.4-visual-studio-2013-windows-8.1-x64-master\src\x64\release\rectlist.obj
d:\_code\_reinforcementlearning\the-arcade-learning-environment-0.4.4-visual-studio-2013-windows-8.1-x64-master\src\x64\release\booster.obj
d:\_code\_reinforcementlearning\the-arcade-learning-environment-0.4.4-visual-studio-2013-windows-8.1-x64-master\src\x64\release\cart2k.obj
d:\_code\_reinforcementlearning\the-arcade-learning-environment-0.4.4-visual-studio-2013-windows-8.1-x64-master\src\x64\release\cartf4.obj
d:\_code\_reinforcementlearning\the-arcade-learning-environment-0.4.4-visual-studio-2013-windows-8.1-x64-master\src\x64\release\cartmc.obj
d:\_code\_reinforcementlearning\the-arcade-learning-environment-0.4.4-visual-studio-2013-windows-8.1-x64-master\src\x64\release\keyboard.obj
d:\_code\_reinforcementlearning\the-arcade-learning-environment-0.4.4-visual-studio-2013-windows-8.1-x64-master\src\x64\release\mediasrc.obj
d:\_code\_reinforcementlearning\the-arcade-learning-environment-0.4.4-visual-studio-2013-windows-8.1-x64-master\src\x64\release\serializer.obj
d:\_code\_reinforcementlearning\the-arcade-learning-environment-0.4.4-visual-studio-2013-windows-8.1-x64-master\src\x64\release\ale_state.obj
d:\_code\_reinforcementlearning\the-arcade-learning-environment-0.4.4-visual-studio-2013-windows-8.1-x64-master\src\x64\release\alien.obj
d:\_code\_reinforcementlearning\the-arcade-learning-environment-0.4.4-visual-studio-2013-windows-8.1-x64-master\src\x64\release\beamrider.obj
d:\_code\_reinforcementlearning\the-arcade-learning-environment-0.4.4-visual-studio-2013-windows-8.1-x64-master\src\x64\release\crazyclimber.obj
d:\_code\_reinforcementlearning\the-arcade-learning-environment-0.4.4-visual-studio-2013-windows-8.1-x64-master\src\x64\release\frostbite.obj
d:\_code\_reinforcementlearning\the-arcade-learning-environment-0.4.4-visual-studio-2013-windows-8.1-x64-master\src\x64\release\krull.obj
d:\_code\_reinforcementlearning\the-arcade-learning-environment-0.4.4-visual-studio-2013-windows-8.1-x64-master\src\x64\release\privateeye.obj
d:\_code\_reinforcementlearning\the-arcade-learning-environment-0.4.4-visual-studio-2013-windows-8.1-x64-master\src\x64\release\tennis.obj
d:\_code\_reinforcementlearning\the-arcade-learning-environment-0.4.4-visual-studio-2013-windows-8.1-x64-master\src\x64\release\zaxxon.obj
d:\_code\_reinforcementlearning\the-arcade-learning-environment-0.4.4-visual-studio-2013-windows-8.1-x64-master\src\x64\release\export_screen.obj
d:\_code\_reinforcementlearning\the-arcade-learning-environment-0.4.4-visual-studio-2013-windows-8.1-x64-master\src\x64\release\cart0840.obj
d:\_code\_reinforcementlearning\the-arcade-learning-environment-0.4.4-visual-studio-2013-windows-8.1-x64-master\src\x64\release\cartcv.obj
d:\_code\_reinforcementlearning\the-arcade-learning-environment-0.4.4-visual-studio-2013-windows-8.1-x64-master\src\x64\release\cartf6sc.obj
d:\_code\_reinforcementlearning\the-arcade-learning-environment-0.4.4-visual-studio-2013-windows-8.1-x64-master\src\x64\release\cartua.obj
d:\_code\_reinforcementlearning\the-arcade-learning-environment-0.4.4-visual-studio-2013-windows-8.1-x64-master\src\x64\release\joystick.obj
d:\_code\_reinforcementlearning\the-arcade-learning-environment-0.4.4-visual-studio-2013-windows-8.1-x64-master\src\x64\release\system.obj
d:\_code\_reinforcementlearning\the-arcade-learning-environment-0.4.4-visual-studio-2013-windows-8.1-x64-master\src\x64\release\props.obj
d:\_code\_reinforcementlearning\the-arcade-learning-environment-0.4.4-visual-studio-2013-windows-8.1-x64-master\src\x64\release\tia.obj
d:\_code\_reinforcementlearning\the-arcade-learning-environment-0.4.4-visual-studio-2013-windows-8.1-x64-master\src\x64\release\stella_environment.obj
d:\_code\_reinforcementlearning\the-arcade-learning-environment-0.4.4-visual-studio-2013-windows-8.1-x64-master\src\x64\release\asteroids.obj
d:\_code\_reinforcementlearning\the-arcade-learning-environment-0.4.4-visual-studio-2013-windows-8.1-x64-master\src\x64\release\breakout.obj
d:\_code\_reinforcementlearning\the-arcade-learning-environment-0.4.4-visual-studio-2013-windows-8.1-x64-master\src\x64\release\elevatoraction.obj
d:\_code\_reinforcementlearning\the-arcade-learning-environment-0.4.4-visual-studio-2013-windows-8.1-x64-master\src\x64\release\icehockey.obj
d:\_code\_reinforcementlearning\the-arcade-learning-environment-0.4.4-visual-studio-2013-windows-8.1-x64-master\src\x64\release\namethisgame.obj
d:\_code\_reinforcementlearning\the-arcade-learning-environment-0.4.4-visual-studio-2013-windows-8.1-x64-master\src\x64\release\roadrunner.obj
d:\_code\_reinforcementlearning\the-arcade-learning-environment-0.4.4-visual-studio-2013-windows-8.1-x64-master\src\x64\release\stargunner.obj
d:\_code\_reinforcementlearning\the-arcade-learning-environment-0.4.4-visual-studio-2013-windows-8.1-x64-master\src\x64\release\yarsrevenge.obj
d:\_code\_reinforcementlearning\the-arcade-learning-environment-0.4.4-visual-studio-2013-windows-8.1-x64-master\src\x64\release\settingswin32.obj
d:\_code\_reinforcementlearning\the-arcade-learning-environment-0.4.4-visual-studio-2013-windows-8.1-x64-master\src\x64\release\vc120.pdb
d:\_code\_reinforcementlearning\the-arcade-learning-environment-0.4.4-visual-studio-2013-windows-8.1-x64-master\src\x64\release\holmes.obj
d:\_code\_reinforcementlearning\the-arcade-learning-environment-0.4.4-visual-studio-2013-windows-8.1-x64-master\src\x64\release\phtoelm.obj
d:\_code\_reinforcementlearning\the-arcade-learning-environment-0.4.4-visual-studio-2013-windows-8.1-x64-master\src\x64\release\darray.obj
d:\_code\_reinforcementlearning\the-arcade-learning-environment-0.4.4-visual-studio-2013-windows-8.1-x64-master\src\x64\release\trie.obj
d:\_code\_reinforcementlearning\the-arcade-learning-environment-0.4.4-visual-studio-2013-windows-8.1-x64-master\src\x64\release\elements.obj
d:\_code\_reinforcementlearning\the-arcade-learning-environment-0.4.4-visual-studio-2013-windows-8.1-x64-master\src\x64\release\opsynth.obj
d:\_code\_reinforcementlearning\the-arcade-learning-environment-0.4.4-visual-studio-2013-windows-8.1-x64-master\src\x64\release\phones.obj
d:\_code\_reinforcementlearning\the-arcade-learning-environment-0.4.4-visual-studio-2013-windows-8.1-x64-master\src\x64\release\unzip.obj
d:\_code\_reinforcementlearning\the-arcade-learning-environment-0.4.4-visual-studio-2013-windows-8.1-x64-master\src\x64\release\ale.lib
d:\_code\_reinforcementlearning\the-arcade-learning-environment-0.4.4-visual-studio-2013-windows-8.1-x64-master\src\x64\release\ale_python_interface.pdb
d:\_code\_reinforcementlearning\the-arcade-learning-environment-0.4.4-visual-studio-2013-windows-8.1-x64-master\src\x64\release\ale.tlog\cl.command.1.tlog
d:\_code\_reinforcementlearning\the-arcade-learning-environment-0.4.4-visual-studio-2013-windows-8.1-x64-master\src\x64\release\ale.tlog\cl.read.1.tlog
d:\_code\_reinforcementlearning\the-arcade-learning-environment-0.4.4-visual-studio-2013-windows-8.1-x64-master\src\x64\release\ale.tlog\cl.write.1.tlog
d:\_code\_reinforcementlearning\the-arcade-learning-environment-0.4.4-visual-studio-2013-windows-8.1-x64-master\src\x64\release\ale.tlog\lib-link.read.1.tlog
d:\_code\_reinforcementlearning\the-arcade-learning-environment-0.4.4-visual-studio-2013-windows-8.1-x64-master\src\x64\release\ale.tlog\lib-link.write.1.tlog
d:\_code\_reinforcementlearning\the-arcade-learning-environment-0.4.4-visual-studio-2013-windows-8.1-x64-master\src\x64\release\ale.tlog\lib.command.1.tlog
