Build started 5/22/2015 12:18:20 PM.
     1>Project "D:\_code\_reinforcementlearning\The-Arcade-Learning-Environment-0.4.4-Visual-Studio-2013-Windows-8.1-x64-master\ale_python_interface\ale_python_interface.vcxproj" on node 2 (Rebuild target(s)).
     1>ClCompile:
         C:\_apps\Visual Studio 2013\VC\bin\x86_amd64\CL.exe /c /Zi /nologo /W3 /WX- /O2 /Oi /D WIN32 /D NDEBUG /D _WINDOWS /D _USRDLL /D ALE_PYTHON_INTERFACE_EXPORTS /D _WINDLL /D _UNICODE /D UNICODE /Gm- /EHsc /MD /GS /Gy /fp:precise /Zc:wchar_t /Zc:forScope /Fo"x64\Release\\" /Fd"x64\Release\vc120.pdb" /Gd /TP /errorReport:prompt ..\src\ale_python_interface\ale_c_wrapper.cpp
         ale_c_wrapper.cpp
     1>d:\_code\_reinforcementlearning\the-arcade-learning-environment-0.4.4-visual-studio-2013-windows-8.1-x64-master\src\environment\../games/RomSettings.hpp(29): warning C4099: 'RomSettings' : type name first seen using 'class' now seen using 'struct'
                 d:\_code\_reinforcementlearning\the-arcade-learning-environment-0.4.4-visual-studio-2013-windows-8.1-x64-master\src\games/Roms.hpp(17) : see declaration of 'RomSettings'
     1>D:\_code\_reinforcementlearning\The-Arcade-Learning-Environment-0.4.4-Visual-Studio-2013-Windows-8.1-x64-master\src\ale_interface.hpp(88): warning C4996: 'freopen': This function or variable may be unsafe. Consider using freopen_s instead. To disable deprecation, use _CRT_SECURE_NO_WARNINGS. See online help for details.
                 C:\_apps\Visual Studio 2013\VC\include\stdio.h(226) : see declaration of 'freopen'
     1>D:\_code\_reinforcementlearning\The-Arcade-Learning-Environment-0.4.4-Visual-Studio-2013-Windows-8.1-x64-master\src\ale_interface.hpp(161): warning C4996: 'strcpy': This function or variable may be unsafe. Consider using strcpy_s instead. To disable deprecation, use _CRT_SECURE_NO_WARNINGS. See online help for details.
                 C:\_apps\Visual Studio 2013\VC\include\string.h(112) : see declaration of 'strcpy'
     1>D:\_code\_reinforcementlearning\The-Arcade-Learning-Environment-0.4.4-Visual-Studio-2013-Windows-8.1-x64-master\src\ale_interface.hpp(162): warning C4996: 'strcpy': This function or variable may be unsafe. Consider using strcpy_s instead. To disable deprecation, use _CRT_SECURE_NO_WARNINGS. See online help for details.
                 C:\_apps\Visual Studio 2013\VC\include\string.h(112) : see declaration of 'strcpy'
     1>D:\_code\_reinforcementlearning\The-Arcade-Learning-Environment-0.4.4-Visual-Studio-2013-Windows-8.1-x64-master\src\ale_interface.hpp(163): warning C4996: 'strcpy': This function or variable may be unsafe. Consider using strcpy_s instead. To disable deprecation, use _CRT_SECURE_NO_WARNINGS. See online help for details.
                 C:\_apps\Visual Studio 2013\VC\include\string.h(112) : see declaration of 'strcpy'
     1>D:\_code\_reinforcementlearning\The-Arcade-Learning-Environment-0.4.4-Visual-Studio-2013-Windows-8.1-x64-master\src\ale_interface.hpp(164): warning C4996: 'strcpy': This function or variable may be unsafe. Consider using strcpy_s instead. To disable deprecation, use _CRT_SECURE_NO_WARNINGS. See online help for details.
                 C:\_apps\Visual Studio 2013\VC\include\string.h(112) : see declaration of 'strcpy'
     1>D:\_code\_reinforcementlearning\The-Arcade-Learning-Environment-0.4.4-Visual-Studio-2013-Windows-8.1-x64-master\src\ale_interface.hpp(165): warning C4996: 'strcpy': This function or variable may be unsafe. Consider using strcpy_s instead. To disable deprecation, use _CRT_SECURE_NO_WARNINGS. See online help for details.
                 C:\_apps\Visual Studio 2013\VC\include\string.h(112) : see declaration of 'strcpy'
     1>D:\_code\_reinforcementlearning\The-Arcade-Learning-Environment-0.4.4-Visual-Studio-2013-Windows-8.1-x64-master\src\ale_interface.hpp(166): warning C4996: 'strcpy': This function or variable may be unsafe. Consider using strcpy_s instead. To disable deprecation, use _CRT_SECURE_NO_WARNINGS. See online help for details.
                 C:\_apps\Visual Studio 2013\VC\include\string.h(112) : see declaration of 'strcpy'
     1>D:\_code\_reinforcementlearning\The-Arcade-Learning-Environment-0.4.4-Visual-Studio-2013-Windows-8.1-x64-master\src\ale_interface.hpp(167): warning C4996: 'strcpy': This function or variable may be unsafe. Consider using strcpy_s instead. To disable deprecation, use _CRT_SECURE_NO_WARNINGS. See online help for details.
                 C:\_apps\Visual Studio 2013\VC\include\string.h(112) : see declaration of 'strcpy'
     1>d:\_code\_reinforcementlearning\the-arcade-learning-environment-0.4.4-visual-studio-2013-windows-8.1-x64-master\src\ale_python_interface\ale_c_wrapper.h(25): warning C4267: 'return' : conversion from 'size_t' to 'int', possible loss of data
     1>d:\_code\_reinforcementlearning\the-arcade-learning-environment-0.4.4-visual-studio-2013-windows-8.1-x64-master\src\ale_python_interface\ale_c_wrapper.h(35): warning C4267: 'return' : conversion from 'size_t' to 'int', possible loss of data
     1>d:\_code\_reinforcementlearning\the-arcade-learning-environment-0.4.4-visual-studio-2013-windows-8.1-x64-master\src\ale_python_interface\ale_c_wrapper.h(48): warning C4267: 'return' : conversion from 'size_t' to 'int', possible loss of data
     1>d:\_code\_reinforcementlearning\the-arcade-learning-environment-0.4.4-visual-studio-2013-windows-8.1-x64-master\src\ale_python_interface\ale_c_wrapper.h(49): warning C4267: 'return' : conversion from 'size_t' to 'int', possible loss of data
     1>d:\_code\_reinforcementlearning\the-arcade-learning-environment-0.4.4-visual-studio-2013-windows-8.1-x64-master\src\ale_python_interface\ale_c_wrapper.h(52): warning C4267: 'initializing' : conversion from 'size_t' to 'int', possible loss of data
     1>d:\_code\_reinforcementlearning\the-arcade-learning-environment-0.4.4-visual-studio-2013-windows-8.1-x64-master\src\ale_python_interface\ale_c_wrapper.h(53): warning C4267: 'initializing' : conversion from 'size_t' to 'int', possible loss of data
     1>d:\_code\_reinforcementlearning\the-arcade-learning-environment-0.4.4-visual-studio-2013-windows-8.1-x64-master\src\ale_python_interface\ale_c_wrapper.h(60): warning C4267: 'initializing' : conversion from 'size_t' to 'int', possible loss of data
     1>d:\_code\_reinforcementlearning\the-arcade-learning-environment-0.4.4-visual-studio-2013-windows-8.1-x64-master\src\ale_python_interface\ale_c_wrapper.h(61): warning C4267: 'initializing' : conversion from 'size_t' to 'int', possible loss of data
     1>d:\_code\_reinforcementlearning\the-arcade-learning-environment-0.4.4-visual-studio-2013-windows-8.1-x64-master\src\ale_python_interface\ale_c_wrapper.h(69): warning C4267: 'return' : conversion from 'size_t' to 'int', possible loss of data
     1>d:\_code\_reinforcementlearning\the-arcade-learning-environment-0.4.4-visual-studio-2013-windows-8.1-x64-master\src\ale_python_interface\ale_c_wrapper.h(73): warning C4267: 'initializing' : conversion from 'size_t' to 'int', possible loss of data
       Link:
         C:\_apps\Visual Studio 2013\VC\bin\x86_amd64\link.exe /ERRORREPORT:PROMPT /OUT:"D:\_code\_reinforcementlearning\The-Arcade-Learning-Environment-0.4.4-Visual-Studio-2013-Windows-8.1-x64-master\src\x64\Release\ale_python_interface.dll" /INCREMENTAL:NO /NOLOGO kernel32.lib user32.lib gdi32.lib winspool.lib comdlg32.lib advapi32.lib shell32.lib ole32.lib oleaut32.lib uuid.lib odbc32.lib odbccp32.lib /MANIFEST /MANIFESTUAC:"level='asInvoker' uiAccess='false'" /manifest:embed /DEBUG /PDB:"D:\_code\_reinforcementlearning\The-Arcade-Learning-Environment-0.4.4-Visual-Studio-2013-Windows-8.1-x64-master\src\x64\Release\ale_python_interface.pdb" /SUBSYSTEM:WINDOWS /OPT:REF /OPT:ICF /TLBID:1 /DYNAMICBASE /NXCOMPAT /IMPLIB:"D:\_code\_reinforcementlearning\The-Arcade-Learning-Environment-0.4.4-Visual-Studio-2013-Windows-8.1-x64-master\src\x64\Release\ale_python_interface.lib" /MACHINE:X64 /DLL x64\Release\ale_c_wrapper.obj
         "D:\_code\_reinforcementlearning\The-Arcade-Learning-Environment-0.4.4-Visual-Studio-2013-Windows-8.1-x64-master\src\x64\Release\ALE.lib"
     1>ALE.lib(display_screen.obj) : error LNK2005: "public: void __cdecl DisplayScreen::display_screen(class MediaSource const &)" (?display_screen@DisplayScreen@@QEAAXAEBVMediaSource@@@Z) already defined in ale_c_wrapper.obj
     1>ALE.lib(OSystem.obj) : error LNK2019: unresolved external symbol gzread referenced in function "public: bool __cdecl OSystem::openROM(class std::basic_string<char,struct std::char_traits<char>,class std::allocator<char> > const &,class std::basic_string<char,struct std::char_traits<char>,class std::allocator<char> > &,unsigned char * *,int *)" (?openROM@OSystem@@QEAA_NAEBV?$basic_string@DU?$char_traits@D@std@@V?$allocator@D@2@@std@@AEAV23@PEAPEAEPEAH@Z)
     1>ALE.lib(OSystem.obj) : error LNK2019: unresolved external symbol gzclose referenced in function "public: bool __cdecl OSystem::openROM(class std::basic_string<char,struct std::char_traits<char>,class std::allocator<char> > const &,class std::basic_string<char,struct std::char_traits<char>,class std::allocator<char> > &,unsigned char * *,int *)" (?openROM@OSystem@@QEAA_NAEBV?$basic_string@DU?$char_traits@D@std@@V?$allocator@D@2@@std@@AEAV23@PEAPEAEPEAH@Z)
     1>ALE.lib(OSystem.obj) : error LNK2019: unresolved external symbol gzopen referenced in function "public: bool __cdecl OSystem::openROM(class std::basic_string<char,struct std::char_traits<char>,class std::allocator<char> > const &,class std::basic_string<char,struct std::char_traits<char>,class std::allocator<char> > &,unsigned char * *,int *)" (?openROM@OSystem@@QEAA_NAEBV?$basic_string@DU?$char_traits@D@std@@V?$allocator@D@2@@std@@AEAV23@PEAPEAEPEAH@Z)
     1>ALE.lib(unzip.obj) : error LNK2019: unresolved external symbol inflate referenced in function unzReadCurrentFile
     1>ALE.lib(unzip.obj) : error LNK2019: unresolved external symbol inflateEnd referenced in function unzCloseCurrentFile
     1>ALE.lib(unzip.obj) : error LNK2019: unresolved external symbol crc32 referenced in function unzReadCurrentFile
     1>ALE.lib(export_screen.obj) : error LNK2001: unresolved external symbol crc32
     1>ALE.lib(unzip.obj) : error LNK2019: unresolved external symbol inflateInit2_ referenced in function unzOpenCurrentFile
     1>ALE.lib(export_screen.obj) : error LNK2019: unresolved external symbol compress referenced in function "public: void __cdecl ExportScreen::save_png(class std::vector<class std::vector<int,class std::allocator<int> >,class std::allocator<class std::vector<int,class std::allocator<int> > > > const *,class std::basic_string<char,struct std::char_traits<char>,class std::allocator<char> > const &)" (?save_png@ExportScreen@@QEAAXPEBV?$vector@V?$vector@HV?$allocator@H@std@@@std@@V?$allocator@V?$vector@HV?$allocator@H@std@@@std@@@2@@std@@AEBV?$basic_string@DU?$char_traits@D@std@@V?$allocator@D@2@@3@@Z)
     1>ALE.lib(display_screen.obj) : error LNK2019: unresolved external symbol SDL_GetError referenced in function "public: __cdecl DisplayScreen::DisplayScreen(class ExportScreen *,int,int)" (??0DisplayScreen@@QEAA@PEAVExportScreen@@HH@Z)
     1>ALE.lib(display_screen.obj) : error LNK2019: unresolved external symbol SDL_SetVideoMode referenced in function "public: __cdecl DisplayScreen::DisplayScreen(class ExportScreen *,int,int)" (??0DisplayScreen@@QEAA@PEAVExportScreen@@HH@Z)
     1>ALE.lib(display_screen.obj) : error LNK2019: unresolved external symbol SDL_Flip referenced in function "public: virtual void __cdecl DisplayScreen::display_screen(class std::vector<class std::vector<int,class std::allocator<int> >,class std::allocator<class std::vector<int,class std::allocator<int> > > > &,int,int)" (?display_screen@DisplayScreen@@UEAAXAEAV?$vector@V?$vector@HV?$allocator@H@std@@@std@@V?$allocator@V?$vector@HV?$allocator@H@std@@@std@@@2@@std@@HH@Z)
     1>ALE.lib(display_screen.obj) : error LNK2019: unresolved external symbol SDL_CreateRGBSurface referenced in function "public: virtual void __cdecl DisplayScreen::display_screen(class std::vector<class std::vector<int,class std::allocator<int> >,class std::allocator<class std::vector<int,class std::allocator<int> > > > &,int,int)" (?display_screen@DisplayScreen@@UEAAXAEAV?$vector@V?$vector@HV?$allocator@H@std@@@std@@V?$allocator@V?$vector@HV?$allocator@H@std@@@std@@@2@@std@@HH@Z)
     1>ALE.lib(display_screen.obj) : error LNK2019: unresolved external symbol SDL_FreeSurface referenced in function "public: virtual void __cdecl DisplayScreen::display_screen(class std::vector<class std::vector<int,class std::allocator<int> >,class std::allocator<class std::vector<int,class std::allocator<int> > > > &,int,int)" (?display_screen@DisplayScreen@@UEAAXAEAV?$vector@V?$vector@HV?$allocator@H@std@@@std@@V?$allocator@V?$vector@HV?$allocator@H@std@@@std@@@2@@std@@HH@Z)
     1>ALE.lib(display_screen.obj) : error LNK2019: unresolved external symbol SDL_UpperBlit referenced in function "public: virtual void __cdecl DisplayScreen::display_screen(class std::vector<class std::vector<int,class std::allocator<int> >,class std::allocator<class std::vector<int,class std::allocator<int> > > > &,int,int)" (?display_screen@DisplayScreen@@UEAAXAEAV?$vector@V?$vector@HV?$allocator@H@std@@@std@@V?$allocator@V?$vector@HV?$allocator@H@std@@@std@@@2@@std@@HH@Z)
     1>ALE.lib(display_screen.obj) : error LNK2019: unresolved external symbol SDL_WM_SetCaption referenced in function "public: __cdecl DisplayScreen::DisplayScreen(class ExportScreen *,int,int)" (??0DisplayScreen@@QEAA@PEAVExportScreen@@HH@Z)
     1>ALE.lib(display_screen.obj) : error LNK2019: unresolved external symbol SDL_PollEvent referenced in function "protected: void __cdecl DisplayScreen::poll(void)" (?poll@DisplayScreen@@IEAAXXZ)
     1>ALE.lib(display_screen.obj) : error LNK2019: unresolved external symbol SDL_Delay referenced in function "protected: void __cdecl DisplayScreen::poll(void)" (?poll@DisplayScreen@@IEAAXXZ)
     1>ALE.lib(display_screen.obj) : error LNK2019: unresolved external symbol SDL_Init referenced in function "public: __cdecl DisplayScreen::DisplayScreen(class ExportScreen *,int,int)" (??0DisplayScreen@@QEAA@PEAVExportScreen@@HH@Z)
     1>ALE.lib(display_screen.obj) : error LNK2019: unresolved external symbol SDL_Quit referenced in function "public: virtual __cdecl DisplayScreen::~DisplayScreen(void)" (??1DisplayScreen@@UEAA@XZ)
     1>ALE.lib(display_screen.obj) : error LNK2019: unresolved external symbol IMG_Load referenced in function "public: void __cdecl DisplayScreen::display_png(class std::basic_string<char,struct std::char_traits<char>,class std::allocator<char> > const &)" (?display_png@DisplayScreen@@QEAAXAEBV?$basic_string@DU?$char_traits@D@std@@V?$allocator@D@2@@std@@@Z)
     1>ALE.lib(display_screen.obj) : error LNK2019: unresolved external symbol zoomSurface referenced in function "public: virtual void __cdecl DisplayScreen::display_screen(class std::vector<class std::vector<int,class std::allocator<int> >,class std::allocator<class std::vector<int,class std::allocator<int> > > > &,int,int)" (?display_screen@DisplayScreen@@UEAAXAEAV?$vector@V?$vector@HV?$allocator@H@std@@@std@@V?$allocator@V?$vector@HV?$allocator@H@std@@@std@@@2@@std@@HH@Z)
     1>ALE.lib(display_screen.obj) : error LNK2019: unresolved external symbol pixelRGBA referenced in function "public: virtual void __cdecl DisplayScreen::display_screen(class std::vector<class std::vector<int,class std::allocator<int> >,class std::allocator<class std::vector<int,class std::allocator<int> > > > &,int,int)" (?display_screen@DisplayScreen@@UEAAXAEAV?$vector@V?$vector@HV?$allocator@H@std@@@std@@V?$allocator@V?$vector@HV?$allocator@H@std@@@std@@@2@@std@@HH@Z)
     1>D:\_code\_reinforcementlearning\The-Arcade-Learning-Environment-0.4.4-Visual-Studio-2013-Windows-8.1-x64-master\src\x64\Release\ale_python_interface.dll : fatal error LNK1120: 22 unresolved externals
     1>Done Building Project "D:\_code\_reinforcementlearning\The-Arcade-Learning-Environment-0.4.4-Visual-Studio-2013-Windows-8.1-x64-master\ale_python_interface\ale_python_interface.vcxproj" (Rebuild target(s)) -- FAILED.

Build FAILED.

Time Elapsed 00:00:00.78
