Build started 5/22/2015 11:55:03 AM.
     1>Project "D:\_code\_reinforcementlearning\The-Arcade-Learning-Environment-0.4.4-Visual-Studio-2013-Windows-8.1-x64-master\src\ALE.vcxproj" on node 2 (Build target(s)).
     1>ClCompile:
         C:\_apps\Visual Studio 2013\VC\bin\CL.exe /c /Zi /nologo /W3 /WX- /O2 /Oy- /D WIN32 /D NDEBUG /D _WINDOWS /Gm- /EHsc /MD /GS /fp:precise /Zc:wchar_t /Zc:forScope /Fo"Release\\" /Fd"Release\vc120.pdb" /Gd /TP /analyze- /errorReport:prompt agents\PlayerAgent.cpp agents\RandomAgent.cpp agents\SDLKeyboardAgent.cpp agents\SingleActionAgent.cpp common\Constants.cpp common\Defaults.cpp common\display_screen.cpp common\export_screen.cpp common\RectList.cxx common\SoundNull.cxx common\SoundSDL.cxx controllers\ale_controller.cpp controllers\fifo_controller.cpp controllers\internal_controller.cpp controllers\rlglue_controller.cpp emucore\AtariVox.cxx emucore\Booster.cxx emucore\Cart.cxx emucore\Cart0840.cxx emucore\Cart2K.cxx emucore\Cart3E.cxx emucore\Cart3F.cxx emucore\Cart4A50.cxx emucore\Cart4K.cxx emucore\CartAR.cxx emucore\CartCV.cxx emucore\CartDPC.cxx emucore\CartE0.cxx emucore\CartE7.cxx emucore\CartF4.cxx emucore\CartF4SC.cxx emucore\CartF6.cxx emucore\CartF6SC.cxx emucore\CartF8.cxx emucore\CartF8SC.cxx emucore\CartFASC.cxx emucore\CartFE.cxx emucore\CartMB.cxx emucore\CartMC.cxx emucore\CartUA.cxx emucore\Console.cxx emucore\Control.cxx emucore\Deserializer.cxx emucore\Driving.cxx emucore\Event.cxx emucore\FSNode.cxx emucore\Joystick.cxx emucore\Keyboard.cxx emucore\m6502\src\Device.cxx emucore\m6502\src\M6502.cxx emucore\m6502\src\M6502Hi.cxx emucore\m6502\src\M6502Low.cxx emucore\m6502\src\NullDev.cxx emucore\m6502\src\System.cxx emucore\M6532.cxx emucore\MD5.cxx emucore\MediaSrc.cxx emucore\OSystem.cxx emucore\Paddles.cxx emucore\Props.cxx emucore\PropsSet.cxx emucore\Random.cxx emucore\Serializer.cxx emucore\Settings.cxx emucore\SpeakJet.cxx emucore\Switches.cxx emucore\TIA.cxx emucore\TIASnd.cxx environment\ale_state.cpp environment\phosphor_blend.cpp environment\stella_environment.cpp games\Roms.cpp games\RomSettings.cpp games\RomUtils.cpp games\supported\AirRaid.cpp games\supported\Alien.cpp games\supported\Amidar.cpp games\supported\Assault.cpp games\supported\Asterix.cpp games\supported\Asteroids.cpp games\supported\Atlantis.cpp games\supported\BankHeist.cpp games\supported\BattleZone.cpp games\supported\BeamRider.cpp games\supported\Berzerk.cpp games\supported\Bowling.cpp games\supported\Boxing.cpp games\supported\Breakout.cpp games\supported\Carnival.cpp games\supported\Centipede.cpp games\supported\ChopperCommand.cpp games\supported\CrazyClimber.cpp games\supported\Defender.cpp games\supported\DemonAttack.cpp games\supported\DoubleDunk.cpp games\supported\ElevatorAction.cpp games\supported\Enduro.cpp games\supported\FishingDerby.cpp games\supported\Freeway.cpp games\supported\Frostbite.cpp games\supported\Gopher.cpp games\supported\Gravitar.cpp games\supported\Hero.cpp games\supported\IceHockey.cpp games\supported\JamesBond.cpp games\supported\JourneyEscape.cpp games\supported\Kangaroo.cpp games\supported\Krull.cpp games\supported\KungFuMaster.cpp games\supported\MontezumaRevenge.cpp games\supported\MsPacman.cpp games\supported\NameThisGame.cpp games\supported\Phoenix.cpp games\supported\Pitfall.cpp games\supported\Pong.cpp games\supported\Pooyan.cpp games\supported\PrivateEye.cpp games\supported\QBert.cpp games\supported\RiverRaid.cpp games\supported\RoadRunner.cpp games\supported\RoboTank.cpp games\supported\Seaquest.cpp games\supported\Skiing.cpp games\supported\Solaris.cpp games\supported\SpaceInvaders.cpp games\supported\StarGunner.cpp games\supported\Tennis.cpp games\supported\TimePilot.cpp games\supported\Tutankham.cpp games\supported\UpNDown.cpp games\supported\Venture.cpp games\supported\VideoPinball.cpp games\supported\WizardOfWor.cpp games\supported\YarsRevenge.cpp games\supported\Zaxxon.cpp main.cpp os_dependent\FSNodePOSIX.cxx os_dependent\FSNodeWin32.cxx os_dependent\OSystemUNIX.cxx os_dependent\OSystemWin32.cxx os_dependent\SettingsUNIX.cxx os_dependent\SettingsWin32.cxx
         PlayerAgent.cpp
     1>d:\_code\_reinforcementlearning\the-arcade-learning-environment-0.4.4-visual-studio-2013-windows-8.1-x64-master\src\agents\SDLKeyboardAgent.hpp(24): fatal error C1083: Cannot open include file: 'SDL.h': No such file or directory
         RandomAgent.cpp
     1>agents\RandomAgent.cpp(17): fatal error C1083: Cannot open include file: 'random_tools.h': No such file or directory
         SDLKeyboardAgent.cpp
     1>d:\_code\_reinforcementlearning\the-arcade-learning-environment-0.4.4-visual-studio-2013-windows-8.1-x64-master\src\agents\SDLKeyboardAgent.hpp(24): fatal error C1083: Cannot open include file: 'SDL.h': No such file or directory
         SingleActionAgent.cpp
     1>agents\SingleActionAgent.cpp(19): fatal error C1083: Cannot open include file: 'random_tools.h': No such file or directory
         Constants.cpp
         Defaults.cpp
         display_screen.cpp
         export_screen.cpp
     1>common\export_screen.cpp(18): fatal error C1083: Cannot open include file: 'zlib.h': No such file or directory
         RectList.cxx
     1>common\RectList.cxx(19): fatal error C1083: Cannot open include file: 'SDL.h': No such file or directory
         SoundNull.cxx
     1>common\SoundNull.cxx(19): fatal error C1083: Cannot open include file: 'Serializer.hxx': No such file or directory
         SoundSDL.cxx
         ale_controller.cpp
     1>d:\_code\_reinforcementlearning\the-arcade-learning-environment-0.4.4-visual-studio-2013-windows-8.1-x64-master\src\controllers\../games/Roms.hpp(17): warning C4099: 'RomSettings' : type name first seen using 'struct' now seen using 'class'
                 d:\_code\_reinforcementlearning\the-arcade-learning-environment-0.4.4-visual-studio-2013-windows-8.1-x64-master\src\environment\../games/RomSettings.hpp(29) : see declaration of 'RomSettings'
         fifo_controller.cpp
     1>controllers\fifo_controller.cpp(126): warning C4996: 'strtok': This function or variable may be unsafe. Consider using strtok_s instead. To disable deprecation, use _CRT_SECURE_NO_WARNINGS. See online help for details.
                 C:\_apps\Visual Studio 2013\VC\include\string.h(204) : see declaration of 'strtok'
     1>controllers\fifo_controller.cpp(127): warning C4800: 'int' : forcing value to bool 'true' or 'false' (performance warning)
     1>controllers\fifo_controller.cpp(128): warning C4996: 'strtok': This function or variable may be unsafe. Consider using strtok_s instead. To disable deprecation, use _CRT_SECURE_NO_WARNINGS. See online help for details.
                 C:\_apps\Visual Studio 2013\VC\include\string.h(204) : see declaration of 'strtok'
     1>controllers\fifo_controller.cpp(129): warning C4800: 'int' : forcing value to bool 'true' or 'false' (performance warning)
     1>controllers\fifo_controller.cpp(130): warning C4996: 'strtok': This function or variable may be unsafe. Consider using strtok_s instead. To disable deprecation, use _CRT_SECURE_NO_WARNINGS. See online help for details.
                 C:\_apps\Visual Studio 2013\VC\include\string.h(204) : see declaration of 'strtok'
     1>controllers\fifo_controller.cpp(133): warning C4996: 'strtok': This function or variable may be unsafe. Consider using strtok_s instead. To disable deprecation, use _CRT_SECURE_NO_WARNINGS. See online help for details.
                 C:\_apps\Visual Studio 2013\VC\include\string.h(204) : see declaration of 'strtok'
     1>controllers\fifo_controller.cpp(134): warning C4800: 'int' : forcing value to bool 'true' or 'false' (performance warning)
     1>controllers\fifo_controller.cpp(138): warning C4996: 'fopen': This function or variable may be unsafe. Consider using fopen_s instead. To disable deprecation, use _CRT_SECURE_NO_WARNINGS. See online help for details.
                 C:\_apps\Visual Studio 2013\VC\include\stdio.h(211) : see declaration of 'fopen'
     1>controllers\fifo_controller.cpp(144): warning C4996: 'fopen': This function or variable may be unsafe. Consider using fopen_s instead. To disable deprecation, use _CRT_SECURE_NO_WARNINGS. See online help for details.
                 C:\_apps\Visual Studio 2013\VC\include\stdio.h(211) : see declaration of 'fopen'
     1>controllers\fifo_controller.cpp(260): warning C4996: 'strtok': This function or variable may be unsafe. Consider using strtok_s instead. To disable deprecation, use _CRT_SECURE_NO_WARNINGS. See online help for details.
                 C:\_apps\Visual Studio 2013\VC\include\string.h(204) : see declaration of 'strtok'
     1>controllers\fifo_controller.cpp(263): warning C4996: 'strtok': This function or variable may be unsafe. Consider using strtok_s instead. To disable deprecation, use _CRT_SECURE_NO_WARNINGS. See online help for details.
                 C:\_apps\Visual Studio 2013\VC\include\string.h(204) : see declaration of 'strtok'
         internal_controller.cpp
         rlglue_controller.cpp
         AtariVox.cxx
         Booster.cxx
         Cart.cxx
     1>emucore\Cart.cxx(24): fatal error C1083: Cannot open include file: 'bspf.hxx': No such file or directory
         Cart0840.cxx
     1>emucore\Cart0840.cxx(21): fatal error C1083: Cannot open include file: 'System.hxx': No such file or directory
         Cart2K.cxx
     1>emucore\Cart2K.cxx(21): fatal error C1083: Cannot open include file: 'System.hxx': No such file or directory
         Generating Code...
         Compiling...
         Cart3E.cxx
     1>emucore\Cart3E.cxx(22): fatal error C1083: Cannot open include file: 'System.hxx': No such file or directory
         Cart3F.cxx
     1>emucore\Cart3F.cxx(21): fatal error C1083: Cannot open include file: 'System.hxx': No such file or directory
         Cart4A50.cxx
     1>emucore\Cart4A50.cxx(21): fatal error C1083: Cannot open include file: 'System.hxx': No such file or directory
         Cart4K.cxx
     1>emucore\Cart4K.cxx(21): fatal error C1083: Cannot open include file: 'System.hxx': No such file or directory
         CartAR.cxx
     1>emucore\CartAR.cxx(23): fatal error C1083: Cannot open include file: 'M6502Hi.hxx': No such file or directory
         CartCV.cxx
     1>emucore\CartCV.cxx(22): fatal error C1083: Cannot open include file: 'System.hxx': No such file or directory
         CartDPC.cxx
     1>emucore\CartDPC.cxx(22): fatal error C1083: Cannot open include file: 'System.hxx': No such file or directory
         CartE0.cxx
     1>emucore\CartE0.cxx(21): fatal error C1083: Cannot open include file: 'System.hxx': No such file or directory
         CartE7.cxx
     1>emucore\CartE7.cxx(22): fatal error C1083: Cannot open include file: 'System.hxx': No such file or directory
         CartF4.cxx
     1>emucore\CartF4.cxx(22): fatal error C1083: Cannot open include file: 'System.hxx': No such file or directory
         CartF4SC.cxx
     1>emucore\CartF4SC.cxx(22): fatal error C1083: Cannot open include file: 'System.hxx': No such file or directory
         CartF6.cxx
     1>emucore\CartF6.cxx(21): fatal error C1083: Cannot open include file: 'System.hxx': No such file or directory
         CartF6SC.cxx
     1>emucore\CartF6SC.cxx(22): fatal error C1083: Cannot open include file: 'System.hxx': No such file or directory
         CartF8.cxx
     1>emucore\CartF8.cxx(21): fatal error C1083: Cannot open include file: 'System.hxx': No such file or directory
         CartF8SC.cxx
     1>emucore\CartF8SC.cxx(22): fatal error C1083: Cannot open include file: 'System.hxx': No such file or directory
         CartFASC.cxx
     1>emucore\CartFASC.cxx(22): fatal error C1083: Cannot open include file: 'System.hxx': No such file or directory
         CartFE.cxx
     1>emucore\CartFE.cxx(21): fatal error C1083: Cannot open include file: 'System.hxx': No such file or directory
         CartMB.cxx
     1>emucore\CartMB.cxx(21): fatal error C1083: Cannot open include file: 'System.hxx': No such file or directory
         CartMC.cxx
     1>emucore\CartMC.cxx(22): fatal error C1083: Cannot open include file: 'System.hxx': No such file or directory
         CartUA.cxx
     1>emucore\CartUA.cxx(21): fatal error C1083: Cannot open include file: 'System.hxx': No such file or directory
         Generating Code...
         Compiling...
         Console.cxx
     1>emucore\Console.cxx(34): fatal error C1083: Cannot open include file: 'M6502Hi.hxx': No such file or directory
         Control.cxx
         Deserializer.cxx
         Driving.cxx
     1>emucore\Driving.cxx(23): fatal error C1083: Cannot open include file: 'System.hxx': No such file or directory
         Event.cxx
         FSNode.cxx
     1>emucore\FSNode.cxx(23): fatal error C1083: Cannot open include file: 'bspf.hxx': No such file or directory
         Joystick.cxx
         Keyboard.cxx
     1>emucore\Keyboard.cxx(43): warning C4800: 'int' : forcing value to bool 'true' or 'false' (performance warning)
     1>emucore\Keyboard.cxx(46): warning C4800: 'int' : forcing value to bool 'true' or 'false' (performance warning)
     1>emucore\Keyboard.cxx(49): warning C4800: 'int' : forcing value to bool 'true' or 'false' (performance warning)
         Device.cxx
         M6502.cxx
     1>d:\_code\_reinforcementlearning\the-arcade-learning-environment-0.4.4-visual-studio-2013-windows-8.1-x64-master\src\emucore\m6502\src\M6502.hxx(33): fatal error C1083: Cannot open include file: 'Array.hxx': No such file or directory
         M6502Hi.cxx
     1>d:\_code\_reinforcementlearning\the-arcade-learning-environment-0.4.4-visual-studio-2013-windows-8.1-x64-master\src\emucore\m6502\src\M6502.hxx(33): fatal error C1083: Cannot open include file: 'Array.hxx': No such file or directory
         M6502Low.cxx
     1>d:\_code\_reinforcementlearning\the-arcade-learning-environment-0.4.4-visual-studio-2013-windows-8.1-x64-master\src\emucore\m6502\src\M6502.hxx(33): fatal error C1083: Cannot open include file: 'Array.hxx': No such file or directory
         NullDev.cxx
     1>emucore\m6502\src\NullDev.cxx(20): fatal error C1083: Cannot open include file: 'Serializer.hxx': No such file or directory
         System.cxx
     1>d:\_code\_reinforcementlearning\the-arcade-learning-environment-0.4.4-visual-studio-2013-windows-8.1-x64-master\src\emucore\m6502\src\M6502.hxx(33): fatal error C1083: Cannot open include file: 'Array.hxx': No such file or directory
         M6532.cxx
     1>emucore\M6532.cxx(24): fatal error C1083: Cannot open include file: 'System.hxx': No such file or directory
         MD5.cxx
         MediaSrc.cxx
         OSystem.cxx
     1>emucore\OSystem.cxx(23): fatal error C1083: Cannot open include file: 'zlib.h': No such file or directory
         Paddles.cxx
         Props.cxx
     1>emucore\Props.cxx(23): fatal error C1083: Cannot open include file: 'GuiUtils.hxx': No such file or directory
         Generating Code...
         Compiling...
         PropsSet.cxx
     1>emucore\PropsSet.cxx(23): fatal error C1083: Cannot open include file: 'GuiUtils.hxx': No such file or directory
         Random.cxx
         Serializer.cxx
         Settings.cxx
     1>emucore\Settings.cxx(25): fatal error C1083: Cannot open include file: 'Version.hxx': No such file or directory
         SpeakJet.cxx
         Switches.cxx
         TIA.cxx
     1>emucore\TIA.cxx(26): fatal error C1083: Cannot open include file: 'M6502.hxx': No such file or directory
         TIASnd.cxx
     1>emucore\TIASnd.cxx(19): fatal error C1083: Cannot open include file: 'System.hxx': No such file or directory
         ale_state.cpp
         phosphor_blend.cpp
         stella_environment.cpp
         Roms.cpp
     1>d:\_code\_reinforcementlearning\the-arcade-learning-environment-0.4.4-visual-studio-2013-windows-8.1-x64-master\src\games\RomSettings.hpp(29): warning C4099: 'RomSettings' : type name first seen using 'class' now seen using 'struct'
                 d:\_code\_reinforcementlearning\the-arcade-learning-environment-0.4.4-visual-studio-2013-windows-8.1-x64-master\src\games\Roms.hpp(17) : see declaration of 'RomSettings'
         RomSettings.cpp
         RomUtils.cpp
     1>games\RomUtils.cpp(19): fatal error C1083: Cannot open include file: 'System.hxx': No such file or directory
         AirRaid.cpp
         Alien.cpp
         Amidar.cpp
         Assault.cpp
         Asterix.cpp
         Asteroids.cpp
         Generating Code...
         Compiling...
         Atlantis.cpp
         BankHeist.cpp
         BattleZone.cpp
         BeamRider.cpp
         Berzerk.cpp
         Bowling.cpp
         Boxing.cpp
         Breakout.cpp
         Carnival.cpp
         Centipede.cpp
     1>games\supported\Centipede.cpp(41): warning C4244: '=' : conversion from 'double' to 'reward_t', possible loss of data
         ChopperCommand.cpp
         CrazyClimber.cpp
         Defender.cpp
         DemonAttack.cpp
         DoubleDunk.cpp
         ElevatorAction.cpp
         Enduro.cpp
         FishingDerby.cpp
         Freeway.cpp
         Frostbite.cpp
         Generating Code...
         Compiling...
         Gopher.cpp
         Gravitar.cpp
         Hero.cpp
         IceHockey.cpp
         JamesBond.cpp
         JourneyEscape.cpp
         Kangaroo.cpp
         Krull.cpp
         KungFuMaster.cpp
         MontezumaRevenge.cpp
         MsPacman.cpp
         NameThisGame.cpp
         Phoenix.cpp
         Pitfall.cpp
         Pong.cpp
         Pooyan.cpp
         PrivateEye.cpp
         QBert.cpp
         RiverRaid.cpp
         RoadRunner.cpp
         Generating Code...
         Compiling...
         RoboTank.cpp
         Seaquest.cpp
         Skiing.cpp
         Solaris.cpp
         SpaceInvaders.cpp
         StarGunner.cpp
         Tennis.cpp
         TimePilot.cpp
     1>games\supported\TimePilot.cpp(43): warning C4800: 'int' : forcing value to bool 'true' or 'false' (performance warning)
         Tutankham.cpp
         UpNDown.cpp
         Venture.cpp
         VideoPinball.cpp
         WizardOfWor.cpp
         YarsRevenge.cpp
         Zaxxon.cpp
         main.cpp
     1>d:\_code\_reinforcementlearning\the-arcade-learning-environment-0.4.4-visual-studio-2013-windows-8.1-x64-master\src\games/Roms.hpp(17): warning C4099: 'RomSettings' : type name first seen using 'struct' now seen using 'class'
                 d:\_code\_reinforcementlearning\the-arcade-learning-environment-0.4.4-visual-studio-2013-windows-8.1-x64-master\src\environment\../games/RomSettings.hpp(29) : see declaration of 'RomSettings'
     1>d:\_code\_reinforcementlearning\the-arcade-learning-environment-0.4.4-visual-studio-2013-windows-8.1-x64-master\src\ale_interface.hpp(88): warning C4996: 'freopen': This function or variable may be unsafe. Consider using freopen_s instead. To disable deprecation, use _CRT_SECURE_NO_WARNINGS. See online help for details.
                 C:\_apps\Visual Studio 2013\VC\include\stdio.h(226) : see declaration of 'freopen'
     1>d:\_code\_reinforcementlearning\the-arcade-learning-environment-0.4.4-visual-studio-2013-windows-8.1-x64-master\src\ale_interface.hpp(161): warning C4996: 'strcpy': This function or variable may be unsafe. Consider using strcpy_s instead. To disable deprecation, use _CRT_SECURE_NO_WARNINGS. See online help for details.
                 C:\_apps\Visual Studio 2013\VC\include\string.h(112) : see declaration of 'strcpy'
     1>d:\_code\_reinforcementlearning\the-arcade-learning-environment-0.4.4-visual-studio-2013-windows-8.1-x64-master\src\ale_interface.hpp(162): warning C4996: 'strcpy': This function or variable may be unsafe. Consider using strcpy_s instead. To disable deprecation, use _CRT_SECURE_NO_WARNINGS. See online help for details.
                 C:\_apps\Visual Studio 2013\VC\include\string.h(112) : see declaration of 'strcpy'
     1>d:\_code\_reinforcementlearning\the-arcade-learning-environment-0.4.4-visual-studio-2013-windows-8.1-x64-master\src\ale_interface.hpp(163): warning C4996: 'strcpy': This function or variable may be unsafe. Consider using strcpy_s instead. To disable deprecation, use _CRT_SECURE_NO_WARNINGS. See online help for details.
                 C:\_apps\Visual Studio 2013\VC\include\string.h(112) : see declaration of 'strcpy'
     1>d:\_code\_reinforcementlearning\the-arcade-learning-environment-0.4.4-visual-studio-2013-windows-8.1-x64-master\src\ale_interface.hpp(164): warning C4996: 'strcpy': This function or variable may be unsafe. Consider using strcpy_s instead. To disable deprecation, use _CRT_SECURE_NO_WARNINGS. See online help for details.
                 C:\_apps\Visual Studio 2013\VC\include\string.h(112) : see declaration of 'strcpy'
     1>d:\_code\_reinforcementlearning\the-arcade-learning-environment-0.4.4-visual-studio-2013-windows-8.1-x64-master\src\ale_interface.hpp(165): warning C4996: 'strcpy': This function or variable may be unsafe. Consider using strcpy_s instead. To disable deprecation, use _CRT_SECURE_NO_WARNINGS. See online help for details.
                 C:\_apps\Visual Studio 2013\VC\include\string.h(112) : see declaration of 'strcpy'
     1>d:\_code\_reinforcementlearning\the-arcade-learning-environment-0.4.4-visual-studio-2013-windows-8.1-x64-master\src\ale_interface.hpp(166): warning C4996: 'strcpy': This function or variable may be unsafe. Consider using strcpy_s instead. To disable deprecation, use _CRT_SECURE_NO_WARNINGS. See online help for details.
                 C:\_apps\Visual Studio 2013\VC\include\string.h(112) : see declaration of 'strcpy'
     1>d:\_code\_reinforcementlearning\the-arcade-learning-environment-0.4.4-visual-studio-2013-windows-8.1-x64-master\src\ale_interface.hpp(167): warning C4996: 'strcpy': This function or variable may be unsafe. Consider using strcpy_s instead. To disable deprecation, use _CRT_SECURE_NO_WARNINGS. See online help for details.
                 C:\_apps\Visual Studio 2013\VC\include\string.h(112) : see declaration of 'strcpy'
         FSNodePOSIX.cxx
     1>os_dependent\FSNodePOSIX.cxx(22): fatal error C1083: Cannot open include file: 'FSNode.hxx': No such file or directory
         FSNodeWin32.cxx
     1>os_dependent\FSNodeWin32.cxx(30): fatal error C1083: Cannot open include file: 'FSNode.hxx': No such file or directory
         OSystemUNIX.cxx
     1>os_dependent\OSystemUNIX.cxx(29): fatal error C1083: Cannot open include file: 'bspf.hxx': No such file or directory
         OSystemWin32.cxx
     1>os_dependent\OSystemWin32.cxx(23): fatal error C1083: Cannot open include file: 'bspf.hxx': No such file or directory
         Generating Code...
         Compiling...
         SettingsUNIX.cxx
     1>os_dependent\SettingsUNIX.cxx(19): fatal error C1083: Cannot open include file: 'bspf.hxx': No such file or directory
         SettingsWin32.cxx
     1>os_dependent\SettingsWin32.cxx(19): fatal error C1083: Cannot open include file: 'bspf.hxx': No such file or directory
         Generating Code...
     1>Done Building Project "D:\_code\_reinforcementlearning\The-Arcade-Learning-Environment-0.4.4-Visual-Studio-2013-Windows-8.1-x64-master\src\ALE.vcxproj" (Build target(s)) -- FAILED.

Build FAILED.

Time Elapsed 00:00:37.30
