d:\_code\the-arcade-learning-environment-0.4.4-visual-studio-2013-windows-8.1-x64-master\src\x64\debug\vc120.pdb
d:\_code\the-arcade-learning-environment-0.4.4-visual-studio-2013-windows-8.1-x64-master\src\x64\debug\fifo_controller.obj
d:\_code\the-arcade-learning-environment-0.4.4-visual-studio-2013-windows-8.1-x64-master\src\x64\debug\phones.obj
d:\_code\the-arcade-learning-environment-0.4.4-visual-studio-2013-windows-8.1-x64-master\src\x64\debug\trie.obj
d:\_code\the-arcade-learning-environment-0.4.4-visual-studio-2013-windows-8.1-x64-master\src\x64\debug\darray.obj
d:\_code\the-arcade-learning-environment-0.4.4-visual-studio-2013-windows-8.1-x64-master\src\x64\debug\elements.obj
d:\_code\the-arcade-learning-environment-0.4.4-visual-studio-2013-windows-8.1-x64-master\src\x64\debug\phtoelm.obj
d:\_code\the-arcade-learning-environment-0.4.4-visual-studio-2013-windows-8.1-x64-master\src\x64\debug\holmes.obj
d:\_code\the-arcade-learning-environment-0.4.4-visual-studio-2013-windows-8.1-x64-master\src\x64\debug\unzip.obj
d:\_code\the-arcade-learning-environment-0.4.4-visual-studio-2013-windows-8.1-x64-master\src\x64\debug\opsynth.obj
d:\_code\the-arcade-learning-environment-0.4.4-visual-studio-2013-windows-8.1-x64-master\src\x64\debug\ale.ilk
d:\_code\the-arcade-learning-environment-0.4.4-visual-studio-2013-windows-8.1-x64-master\src\x64\debug\ale.exe
d:\_code\the-arcade-learning-environment-0.4.4-visual-studio-2013-windows-8.1-x64-master\src\x64\debug\ale.pdb
d:\_code\the-arcade-learning-environment-0.4.4-visual-studio-2013-windows-8.1-x64\src\x64\debug\airraid.obj
d:\_code\the-arcade-learning-environment-0.4.4-visual-studio-2013-windows-8.1-x64\src\x64\debug\ale_controller.obj
d:\_code\the-arcade-learning-environment-0.4.4-visual-studio-2013-windows-8.1-x64\src\x64\debug\ale_state.obj
d:\_code\the-arcade-learning-environment-0.4.4-visual-studio-2013-windows-8.1-x64\src\x64\debug\alien.obj
d:\_code\the-arcade-learning-environment-0.4.4-visual-studio-2013-windows-8.1-x64\src\x64\debug\amidar.obj
d:\_code\the-arcade-learning-environment-0.4.4-visual-studio-2013-windows-8.1-x64\src\x64\debug\assault.obj
d:\_code\the-arcade-learning-environment-0.4.4-visual-studio-2013-windows-8.1-x64\src\x64\debug\asterix.obj
d:\_code\the-arcade-learning-environment-0.4.4-visual-studio-2013-windows-8.1-x64\src\x64\debug\asteroids.obj
d:\_code\the-arcade-learning-environment-0.4.4-visual-studio-2013-windows-8.1-x64\src\x64\debug\atarivox.obj
d:\_code\the-arcade-learning-environment-0.4.4-visual-studio-2013-windows-8.1-x64\src\x64\debug\atlantis.obj
d:\_code\the-arcade-learning-environment-0.4.4-visual-studio-2013-windows-8.1-x64\src\x64\debug\bankheist.obj
d:\_code\the-arcade-learning-environment-0.4.4-visual-studio-2013-windows-8.1-x64\src\x64\debug\battlezone.obj
d:\_code\the-arcade-learning-environment-0.4.4-visual-studio-2013-windows-8.1-x64\src\x64\debug\beamrider.obj
d:\_code\the-arcade-learning-environment-0.4.4-visual-studio-2013-windows-8.1-x64\src\x64\debug\berzerk.obj
d:\_code\the-arcade-learning-environment-0.4.4-visual-studio-2013-windows-8.1-x64\src\x64\debug\booster.obj
d:\_code\the-arcade-learning-environment-0.4.4-visual-studio-2013-windows-8.1-x64\src\x64\debug\bowling.obj
d:\_code\the-arcade-learning-environment-0.4.4-visual-studio-2013-windows-8.1-x64\src\x64\debug\boxing.obj
d:\_code\the-arcade-learning-environment-0.4.4-visual-studio-2013-windows-8.1-x64\src\x64\debug\breakout.obj
d:\_code\the-arcade-learning-environment-0.4.4-visual-studio-2013-windows-8.1-x64\src\x64\debug\carnival.obj
d:\_code\the-arcade-learning-environment-0.4.4-visual-studio-2013-windows-8.1-x64\src\x64\debug\cart.obj
d:\_code\the-arcade-learning-environment-0.4.4-visual-studio-2013-windows-8.1-x64\src\x64\debug\cart0840.obj
d:\_code\the-arcade-learning-environment-0.4.4-visual-studio-2013-windows-8.1-x64\src\x64\debug\cart2k.obj
d:\_code\the-arcade-learning-environment-0.4.4-visual-studio-2013-windows-8.1-x64\src\x64\debug\cart3e.obj
d:\_code\the-arcade-learning-environment-0.4.4-visual-studio-2013-windows-8.1-x64\src\x64\debug\cart3f.obj
d:\_code\the-arcade-learning-environment-0.4.4-visual-studio-2013-windows-8.1-x64\src\x64\debug\cart4a50.obj
d:\_code\the-arcade-learning-environment-0.4.4-visual-studio-2013-windows-8.1-x64\src\x64\debug\cart4k.obj
d:\_code\the-arcade-learning-environment-0.4.4-visual-studio-2013-windows-8.1-x64\src\x64\debug\cartar.obj
d:\_code\the-arcade-learning-environment-0.4.4-visual-studio-2013-windows-8.1-x64\src\x64\debug\cartcv.obj
d:\_code\the-arcade-learning-environment-0.4.4-visual-studio-2013-windows-8.1-x64\src\x64\debug\cartdpc.obj
d:\_code\the-arcade-learning-environment-0.4.4-visual-studio-2013-windows-8.1-x64\src\x64\debug\carte0.obj
d:\_code\the-arcade-learning-environment-0.4.4-visual-studio-2013-windows-8.1-x64\src\x64\debug\carte7.obj
d:\_code\the-arcade-learning-environment-0.4.4-visual-studio-2013-windows-8.1-x64\src\x64\debug\cartf4.obj
d:\_code\the-arcade-learning-environment-0.4.4-visual-studio-2013-windows-8.1-x64\src\x64\debug\cartf4sc.obj
d:\_code\the-arcade-learning-environment-0.4.4-visual-studio-2013-windows-8.1-x64\src\x64\debug\cartf6.obj
d:\_code\the-arcade-learning-environment-0.4.4-visual-studio-2013-windows-8.1-x64\src\x64\debug\cartf6sc.obj
d:\_code\the-arcade-learning-environment-0.4.4-visual-studio-2013-windows-8.1-x64\src\x64\debug\cartf8.obj
d:\_code\the-arcade-learning-environment-0.4.4-visual-studio-2013-windows-8.1-x64\src\x64\debug\cartf8sc.obj
d:\_code\the-arcade-learning-environment-0.4.4-visual-studio-2013-windows-8.1-x64\src\x64\debug\cartfasc.obj
d:\_code\the-arcade-learning-environment-0.4.4-visual-studio-2013-windows-8.1-x64\src\x64\debug\cartfe.obj
d:\_code\the-arcade-learning-environment-0.4.4-visual-studio-2013-windows-8.1-x64\src\x64\debug\cartmb.obj
d:\_code\the-arcade-learning-environment-0.4.4-visual-studio-2013-windows-8.1-x64\src\x64\debug\cartmc.obj
d:\_code\the-arcade-learning-environment-0.4.4-visual-studio-2013-windows-8.1-x64\src\x64\debug\cartua.obj
d:\_code\the-arcade-learning-environment-0.4.4-visual-studio-2013-windows-8.1-x64\src\x64\debug\centipede.obj
d:\_code\the-arcade-learning-environment-0.4.4-visual-studio-2013-windows-8.1-x64\src\x64\debug\choppercommand.obj
d:\_code\the-arcade-learning-environment-0.4.4-visual-studio-2013-windows-8.1-x64\src\x64\debug\console.obj
d:\_code\the-arcade-learning-environment-0.4.4-visual-studio-2013-windows-8.1-x64\src\x64\debug\constants.obj
d:\_code\the-arcade-learning-environment-0.4.4-visual-studio-2013-windows-8.1-x64\src\x64\debug\control.obj
d:\_code\the-arcade-learning-environment-0.4.4-visual-studio-2013-windows-8.1-x64\src\x64\debug\crazyclimber.obj
d:\_code\the-arcade-learning-environment-0.4.4-visual-studio-2013-windows-8.1-x64\src\x64\debug\darray.obj
d:\_code\the-arcade-learning-environment-0.4.4-visual-studio-2013-windows-8.1-x64\src\x64\debug\defaults.obj
d:\_code\the-arcade-learning-environment-0.4.4-visual-studio-2013-windows-8.1-x64\src\x64\debug\defender.obj
d:\_code\the-arcade-learning-environment-0.4.4-visual-studio-2013-windows-8.1-x64\src\x64\debug\demonattack.obj
d:\_code\the-arcade-learning-environment-0.4.4-visual-studio-2013-windows-8.1-x64\src\x64\debug\deserializer.obj
d:\_code\the-arcade-learning-environment-0.4.4-visual-studio-2013-windows-8.1-x64\src\x64\debug\device.obj
d:\_code\the-arcade-learning-environment-0.4.4-visual-studio-2013-windows-8.1-x64\src\x64\debug\display_screen.obj
d:\_code\the-arcade-learning-environment-0.4.4-visual-studio-2013-windows-8.1-x64\src\x64\debug\doubledunk.obj
d:\_code\the-arcade-learning-environment-0.4.4-visual-studio-2013-windows-8.1-x64\src\x64\debug\driving.obj
d:\_code\the-arcade-learning-environment-0.4.4-visual-studio-2013-windows-8.1-x64\src\x64\debug\elements.obj
d:\_code\the-arcade-learning-environment-0.4.4-visual-studio-2013-windows-8.1-x64\src\x64\debug\elevatoraction.obj
d:\_code\the-arcade-learning-environment-0.4.4-visual-studio-2013-windows-8.1-x64\src\x64\debug\enduro.obj
d:\_code\the-arcade-learning-environment-0.4.4-visual-studio-2013-windows-8.1-x64\src\x64\debug\event.obj
d:\_code\the-arcade-learning-environment-0.4.4-visual-studio-2013-windows-8.1-x64\src\x64\debug\export_screen.obj
d:\_code\the-arcade-learning-environment-0.4.4-visual-studio-2013-windows-8.1-x64\src\x64\debug\fifo_controller.obj
d:\_code\the-arcade-learning-environment-0.4.4-visual-studio-2013-windows-8.1-x64\src\x64\debug\fishingderby.obj
d:\_code\the-arcade-learning-environment-0.4.4-visual-studio-2013-windows-8.1-x64\src\x64\debug\freeway.obj
d:\_code\the-arcade-learning-environment-0.4.4-visual-studio-2013-windows-8.1-x64\src\x64\debug\frostbite.obj
d:\_code\the-arcade-learning-environment-0.4.4-visual-studio-2013-windows-8.1-x64\src\x64\debug\fsnode.obj
d:\_code\the-arcade-learning-environment-0.4.4-visual-studio-2013-windows-8.1-x64\src\x64\debug\fsnodeposix.obj
d:\_code\the-arcade-learning-environment-0.4.4-visual-studio-2013-windows-8.1-x64\src\x64\debug\fsnodewin32.obj
d:\_code\the-arcade-learning-environment-0.4.4-visual-studio-2013-windows-8.1-x64\src\x64\debug\gopher.obj
d:\_code\the-arcade-learning-environment-0.4.4-visual-studio-2013-windows-8.1-x64\src\x64\debug\gravitar.obj
d:\_code\the-arcade-learning-environment-0.4.4-visual-studio-2013-windows-8.1-x64\src\x64\debug\hero.obj
d:\_code\the-arcade-learning-environment-0.4.4-visual-studio-2013-windows-8.1-x64\src\x64\debug\holmes.obj
d:\_code\the-arcade-learning-environment-0.4.4-visual-studio-2013-windows-8.1-x64\src\x64\debug\icehockey.obj
d:\_code\the-arcade-learning-environment-0.4.4-visual-studio-2013-windows-8.1-x64\src\x64\debug\internal_controller.obj
d:\_code\the-arcade-learning-environment-0.4.4-visual-studio-2013-windows-8.1-x64\src\x64\debug\jamesbond.obj
d:\_code\the-arcade-learning-environment-0.4.4-visual-studio-2013-windows-8.1-x64\src\x64\debug\journeyescape.obj
d:\_code\the-arcade-learning-environment-0.4.4-visual-studio-2013-windows-8.1-x64\src\x64\debug\joystick.obj
d:\_code\the-arcade-learning-environment-0.4.4-visual-studio-2013-windows-8.1-x64\src\x64\debug\kangaroo.obj
d:\_code\the-arcade-learning-environment-0.4.4-visual-studio-2013-windows-8.1-x64\src\x64\debug\keyboard.obj
d:\_code\the-arcade-learning-environment-0.4.4-visual-studio-2013-windows-8.1-x64\src\x64\debug\krull.obj
d:\_code\the-arcade-learning-environment-0.4.4-visual-studio-2013-windows-8.1-x64\src\x64\debug\kungfumaster.obj
d:\_code\the-arcade-learning-environment-0.4.4-visual-studio-2013-windows-8.1-x64\src\x64\debug\m6502.obj
d:\_code\the-arcade-learning-environment-0.4.4-visual-studio-2013-windows-8.1-x64\src\x64\debug\m6502hi.obj
d:\_code\the-arcade-learning-environment-0.4.4-visual-studio-2013-windows-8.1-x64\src\x64\debug\m6502low.obj
d:\_code\the-arcade-learning-environment-0.4.4-visual-studio-2013-windows-8.1-x64\src\x64\debug\m6532.obj
d:\_code\the-arcade-learning-environment-0.4.4-visual-studio-2013-windows-8.1-x64\src\x64\debug\main.obj
d:\_code\the-arcade-learning-environment-0.4.4-visual-studio-2013-windows-8.1-x64\src\x64\debug\md5.obj
d:\_code\the-arcade-learning-environment-0.4.4-visual-studio-2013-windows-8.1-x64\src\x64\debug\mediasrc.obj
d:\_code\the-arcade-learning-environment-0.4.4-visual-studio-2013-windows-8.1-x64\src\x64\debug\montezumarevenge.obj
d:\_code\the-arcade-learning-environment-0.4.4-visual-studio-2013-windows-8.1-x64\src\x64\debug\mspacman.obj
d:\_code\the-arcade-learning-environment-0.4.4-visual-studio-2013-windows-8.1-x64\src\x64\debug\namethisgame.obj
d:\_code\the-arcade-learning-environment-0.4.4-visual-studio-2013-windows-8.1-x64\src\x64\debug\nulldev.obj
d:\_code\the-arcade-learning-environment-0.4.4-visual-studio-2013-windows-8.1-x64\src\x64\debug\opsynth.obj
d:\_code\the-arcade-learning-environment-0.4.4-visual-studio-2013-windows-8.1-x64\src\x64\debug\osystem.obj
d:\_code\the-arcade-learning-environment-0.4.4-visual-studio-2013-windows-8.1-x64\src\x64\debug\osystemunix.obj
d:\_code\the-arcade-learning-environment-0.4.4-visual-studio-2013-windows-8.1-x64\src\x64\debug\osystemwin32.obj
d:\_code\the-arcade-learning-environment-0.4.4-visual-studio-2013-windows-8.1-x64\src\x64\debug\paddles.obj
d:\_code\the-arcade-learning-environment-0.4.4-visual-studio-2013-windows-8.1-x64\src\x64\debug\phoenix.obj
d:\_code\the-arcade-learning-environment-0.4.4-visual-studio-2013-windows-8.1-x64\src\x64\debug\phones.obj
d:\_code\the-arcade-learning-environment-0.4.4-visual-studio-2013-windows-8.1-x64\src\x64\debug\phosphor_blend.obj
d:\_code\the-arcade-learning-environment-0.4.4-visual-studio-2013-windows-8.1-x64\src\x64\debug\phtoelm.obj
d:\_code\the-arcade-learning-environment-0.4.4-visual-studio-2013-windows-8.1-x64\src\x64\debug\pitfall.obj
d:\_code\the-arcade-learning-environment-0.4.4-visual-studio-2013-windows-8.1-x64\src\x64\debug\playeragent.obj
d:\_code\the-arcade-learning-environment-0.4.4-visual-studio-2013-windows-8.1-x64\src\x64\debug\pong.obj
d:\_code\the-arcade-learning-environment-0.4.4-visual-studio-2013-windows-8.1-x64\src\x64\debug\pooyan.obj
d:\_code\the-arcade-learning-environment-0.4.4-visual-studio-2013-windows-8.1-x64\src\x64\debug\privateeye.obj
d:\_code\the-arcade-learning-environment-0.4.4-visual-studio-2013-windows-8.1-x64\src\x64\debug\props.obj
d:\_code\the-arcade-learning-environment-0.4.4-visual-studio-2013-windows-8.1-x64\src\x64\debug\propsset.obj
d:\_code\the-arcade-learning-environment-0.4.4-visual-studio-2013-windows-8.1-x64\src\x64\debug\qbert.obj
d:\_code\the-arcade-learning-environment-0.4.4-visual-studio-2013-windows-8.1-x64\src\x64\debug\random.obj
d:\_code\the-arcade-learning-environment-0.4.4-visual-studio-2013-windows-8.1-x64\src\x64\debug\randomagent.obj
d:\_code\the-arcade-learning-environment-0.4.4-visual-studio-2013-windows-8.1-x64\src\x64\debug\rectlist.obj
d:\_code\the-arcade-learning-environment-0.4.4-visual-studio-2013-windows-8.1-x64\src\x64\debug\riverraid.obj
d:\_code\the-arcade-learning-environment-0.4.4-visual-studio-2013-windows-8.1-x64\src\x64\debug\rlglue_controller.obj
d:\_code\the-arcade-learning-environment-0.4.4-visual-studio-2013-windows-8.1-x64\src\x64\debug\roadrunner.obj
d:\_code\the-arcade-learning-environment-0.4.4-visual-studio-2013-windows-8.1-x64\src\x64\debug\robotank.obj
d:\_code\the-arcade-learning-environment-0.4.4-visual-studio-2013-windows-8.1-x64\src\x64\debug\roms.obj
d:\_code\the-arcade-learning-environment-0.4.4-visual-studio-2013-windows-8.1-x64\src\x64\debug\romsettings.obj
d:\_code\the-arcade-learning-environment-0.4.4-visual-studio-2013-windows-8.1-x64\src\x64\debug\romutils.obj
d:\_code\the-arcade-learning-environment-0.4.4-visual-studio-2013-windows-8.1-x64\src\x64\debug\sdlkeyboardagent.obj
d:\_code\the-arcade-learning-environment-0.4.4-visual-studio-2013-windows-8.1-x64\src\x64\debug\seaquest.obj
d:\_code\the-arcade-learning-environment-0.4.4-visual-studio-2013-windows-8.1-x64\src\x64\debug\serializer.obj
d:\_code\the-arcade-learning-environment-0.4.4-visual-studio-2013-windows-8.1-x64\src\x64\debug\settings.obj
d:\_code\the-arcade-learning-environment-0.4.4-visual-studio-2013-windows-8.1-x64\src\x64\debug\settingsunix.obj
d:\_code\the-arcade-learning-environment-0.4.4-visual-studio-2013-windows-8.1-x64\src\x64\debug\settingswin32.obj
d:\_code\the-arcade-learning-environment-0.4.4-visual-studio-2013-windows-8.1-x64\src\x64\debug\singleactionagent.obj
d:\_code\the-arcade-learning-environment-0.4.4-visual-studio-2013-windows-8.1-x64\src\x64\debug\skiing.obj
d:\_code\the-arcade-learning-environment-0.4.4-visual-studio-2013-windows-8.1-x64\src\x64\debug\solaris.obj
d:\_code\the-arcade-learning-environment-0.4.4-visual-studio-2013-windows-8.1-x64\src\x64\debug\soundnull.obj
d:\_code\the-arcade-learning-environment-0.4.4-visual-studio-2013-windows-8.1-x64\src\x64\debug\soundsdl.obj
d:\_code\the-arcade-learning-environment-0.4.4-visual-studio-2013-windows-8.1-x64\src\x64\debug\spaceinvaders.obj
d:\_code\the-arcade-learning-environment-0.4.4-visual-studio-2013-windows-8.1-x64\src\x64\debug\speakjet.obj
d:\_code\the-arcade-learning-environment-0.4.4-visual-studio-2013-windows-8.1-x64\src\x64\debug\stargunner.obj
d:\_code\the-arcade-learning-environment-0.4.4-visual-studio-2013-windows-8.1-x64\src\x64\debug\stella_environment.obj
d:\_code\the-arcade-learning-environment-0.4.4-visual-studio-2013-windows-8.1-x64\src\x64\debug\switches.obj
d:\_code\the-arcade-learning-environment-0.4.4-visual-studio-2013-windows-8.1-x64\src\x64\debug\system.obj
d:\_code\the-arcade-learning-environment-0.4.4-visual-studio-2013-windows-8.1-x64\src\x64\debug\tennis.obj
d:\_code\the-arcade-learning-environment-0.4.4-visual-studio-2013-windows-8.1-x64\src\x64\debug\tia.obj
d:\_code\the-arcade-learning-environment-0.4.4-visual-studio-2013-windows-8.1-x64\src\x64\debug\tiasnd.obj
d:\_code\the-arcade-learning-environment-0.4.4-visual-studio-2013-windows-8.1-x64\src\x64\debug\timepilot.obj
d:\_code\the-arcade-learning-environment-0.4.4-visual-studio-2013-windows-8.1-x64\src\x64\debug\trie.obj
d:\_code\the-arcade-learning-environment-0.4.4-visual-studio-2013-windows-8.1-x64\src\x64\debug\tutankham.obj
d:\_code\the-arcade-learning-environment-0.4.4-visual-studio-2013-windows-8.1-x64\src\x64\debug\unzip.obj
d:\_code\the-arcade-learning-environment-0.4.4-visual-studio-2013-windows-8.1-x64\src\x64\debug\upndown.obj
d:\_code\the-arcade-learning-environment-0.4.4-visual-studio-2013-windows-8.1-x64\src\x64\debug\venture.obj
d:\_code\the-arcade-learning-environment-0.4.4-visual-studio-2013-windows-8.1-x64\src\x64\debug\videopinball.obj
d:\_code\the-arcade-learning-environment-0.4.4-visual-studio-2013-windows-8.1-x64\src\x64\debug\wizardofwor.obj
d:\_code\the-arcade-learning-environment-0.4.4-visual-studio-2013-windows-8.1-x64\src\x64\debug\yarsrevenge.obj
d:\_code\the-arcade-learning-environment-0.4.4-visual-studio-2013-windows-8.1-x64\src\x64\debug\zaxxon.obj
d:\_code\the-arcade-learning-environment-0.4.4-visual-studio-2013-windows-8.1-x64\src\x64\debug\ale.ilk
d:\_code\the-arcade-learning-environment-0.4.4-visual-studio-2013-windows-8.1-x64\src\x64\debug\ale.pdb
d:\_code\the-arcade-learning-environment-0.4.4-visual-studio-2013-windows-8.1-x64\src\x64\debug\vc120.pdb
d:\_code\the-arcade-learning-environment-0.4.4-visual-studio-2013-windows-8.1-x64\src\x64\debug\ale.dll
d:\_code\the-arcade-learning-environment-0.4.4-visual-studio-2013-windows-8.1-x64\src\x64\debug\ale.tlog\cl.command.1.tlog
d:\_code\the-arcade-learning-environment-0.4.4-visual-studio-2013-windows-8.1-x64\src\x64\debug\ale.tlog\cl.read.1.tlog
d:\_code\the-arcade-learning-environment-0.4.4-visual-studio-2013-windows-8.1-x64\src\x64\debug\ale.tlog\cl.write.1.tlog
d:\_code\the-arcade-learning-environment-0.4.4-visual-studio-2013-windows-8.1-x64\src\x64\debug\ale.tlog\link.command.1.tlog
d:\_code\the-arcade-learning-environment-0.4.4-visual-studio-2013-windows-8.1-x64\src\x64\debug\ale.tlog\link.read.1.tlog
d:\_code\the-arcade-learning-environment-0.4.4-visual-studio-2013-windows-8.1-x64\src\x64\debug\ale.tlog\link.write.1.tlog
